   1              		.syntax unified
   2              		.cpu cortex-m4
   3              		.fpu softvfp
   4              		.eabi_attribute 20, 1
   5              		.eabi_attribute 21, 1
   6              		.eabi_attribute 23, 3
   7              		.eabi_attribute 24, 1
   8              		.eabi_attribute 25, 1
   9              		.eabi_attribute 26, 1
  10              		.eabi_attribute 30, 6
  11              		.eabi_attribute 18, 4
  12              		.thumb
  13              		.file	"stm32f4xx_dbgmcu.c"
  23              	.Ltext0:
  24              		.file 1 "../inc/STM32F4xx_StdPeriph_Driver/src/stm32f4xx_dbgmcu.c"
 24578              		.align	2
 24579              		.global	DBGMCU_GetREVID
 24580              		.thumb
 24581              		.thumb_func
 24583              	DBGMCU_GetREVID:
 24584              	.LFB110:
   1:../inc/STM32F4xx_StdPeriph_Driver/src/stm32f4xx_dbgmcu.c **** /**
   2:../inc/STM32F4xx_StdPeriph_Driver/src/stm32f4xx_dbgmcu.c ****   ******************************************************************************
   3:../inc/STM32F4xx_StdPeriph_Driver/src/stm32f4xx_dbgmcu.c ****   * @file    stm32f4xx_dbgmcu.c
   4:../inc/STM32F4xx_StdPeriph_Driver/src/stm32f4xx_dbgmcu.c ****   * @author  MCD Application Team
   5:../inc/STM32F4xx_StdPeriph_Driver/src/stm32f4xx_dbgmcu.c ****   * @version V1.0.0
   6:../inc/STM32F4xx_StdPeriph_Driver/src/stm32f4xx_dbgmcu.c ****   * @date    30-September-2011
   7:../inc/STM32F4xx_StdPeriph_Driver/src/stm32f4xx_dbgmcu.c ****   * @brief   This file provides all the DBGMCU firmware functions.
   8:../inc/STM32F4xx_StdPeriph_Driver/src/stm32f4xx_dbgmcu.c ****   ******************************************************************************
   9:../inc/STM32F4xx_StdPeriph_Driver/src/stm32f4xx_dbgmcu.c ****   * @attention
  10:../inc/STM32F4xx_StdPeriph_Driver/src/stm32f4xx_dbgmcu.c ****   *
  11:../inc/STM32F4xx_StdPeriph_Driver/src/stm32f4xx_dbgmcu.c ****   * THE PRESENT FIRMWARE WHICH IS FOR GUIDANCE ONLY AIMS AT PROVIDING CUSTOMERS
  12:../inc/STM32F4xx_StdPeriph_Driver/src/stm32f4xx_dbgmcu.c ****   * WITH CODING INFORMATION REGARDING THEIR PRODUCTS IN ORDER FOR THEM TO SAVE
  13:../inc/STM32F4xx_StdPeriph_Driver/src/stm32f4xx_dbgmcu.c ****   * TIME. AS A RESULT, STMICROELECTRONICS SHALL NOT BE HELD LIABLE FOR ANY
  14:../inc/STM32F4xx_StdPeriph_Driver/src/stm32f4xx_dbgmcu.c ****   * DIRECT, INDIRECT OR CONSEQUENTIAL DAMAGES WITH RESPECT TO ANY CLAIMS ARISING
  15:../inc/STM32F4xx_StdPeriph_Driver/src/stm32f4xx_dbgmcu.c ****   * FROM THE CONTENT OF SUCH FIRMWARE AND/OR THE USE MADE BY CUSTOMERS OF THE
  16:../inc/STM32F4xx_StdPeriph_Driver/src/stm32f4xx_dbgmcu.c ****   * CODING INFORMATION CONTAINED HEREIN IN CONNECTION WITH THEIR PRODUCTS.
  17:../inc/STM32F4xx_StdPeriph_Driver/src/stm32f4xx_dbgmcu.c ****   *
  18:../inc/STM32F4xx_StdPeriph_Driver/src/stm32f4xx_dbgmcu.c ****   * <h2><center>&copy; COPYRIGHT 2011 STMicroelectronics</center></h2>
  19:../inc/STM32F4xx_StdPeriph_Driver/src/stm32f4xx_dbgmcu.c ****   ******************************************************************************
  20:../inc/STM32F4xx_StdPeriph_Driver/src/stm32f4xx_dbgmcu.c ****   */
  21:../inc/STM32F4xx_StdPeriph_Driver/src/stm32f4xx_dbgmcu.c **** 
  22:../inc/STM32F4xx_StdPeriph_Driver/src/stm32f4xx_dbgmcu.c **** /* Includes ------------------------------------------------------------------*/
  23:../inc/STM32F4xx_StdPeriph_Driver/src/stm32f4xx_dbgmcu.c **** #include "stm32f4xx_dbgmcu.h"
  24:../inc/STM32F4xx_StdPeriph_Driver/src/stm32f4xx_dbgmcu.c **** 
  25:../inc/STM32F4xx_StdPeriph_Driver/src/stm32f4xx_dbgmcu.c **** /** @addtogroup STM32F4xx_StdPeriph_Driver
  26:../inc/STM32F4xx_StdPeriph_Driver/src/stm32f4xx_dbgmcu.c ****   * @{
  27:../inc/STM32F4xx_StdPeriph_Driver/src/stm32f4xx_dbgmcu.c ****   */
  28:../inc/STM32F4xx_StdPeriph_Driver/src/stm32f4xx_dbgmcu.c **** 
  29:../inc/STM32F4xx_StdPeriph_Driver/src/stm32f4xx_dbgmcu.c **** /** @defgroup DBGMCU 
  30:../inc/STM32F4xx_StdPeriph_Driver/src/stm32f4xx_dbgmcu.c ****   * @brief DBGMCU driver modules
  31:../inc/STM32F4xx_StdPeriph_Driver/src/stm32f4xx_dbgmcu.c ****   * @{
  32:../inc/STM32F4xx_StdPeriph_Driver/src/stm32f4xx_dbgmcu.c ****   */ 
  33:../inc/STM32F4xx_StdPeriph_Driver/src/stm32f4xx_dbgmcu.c **** 
  34:../inc/STM32F4xx_StdPeriph_Driver/src/stm32f4xx_dbgmcu.c **** /* Private typedef -----------------------------------------------------------*/
  35:../inc/STM32F4xx_StdPeriph_Driver/src/stm32f4xx_dbgmcu.c **** /* Private define ------------------------------------------------------------*/
  36:../inc/STM32F4xx_StdPeriph_Driver/src/stm32f4xx_dbgmcu.c **** #define IDCODE_DEVID_MASK    ((uint32_t)0x00000FFF)
  37:../inc/STM32F4xx_StdPeriph_Driver/src/stm32f4xx_dbgmcu.c **** 
  38:../inc/STM32F4xx_StdPeriph_Driver/src/stm32f4xx_dbgmcu.c **** /* Private macro -------------------------------------------------------------*/
  39:../inc/STM32F4xx_StdPeriph_Driver/src/stm32f4xx_dbgmcu.c **** /* Private variables ---------------------------------------------------------*/
  40:../inc/STM32F4xx_StdPeriph_Driver/src/stm32f4xx_dbgmcu.c **** /* Private function prototypes -----------------------------------------------*/
  41:../inc/STM32F4xx_StdPeriph_Driver/src/stm32f4xx_dbgmcu.c **** /* Private functions ---------------------------------------------------------*/
  42:../inc/STM32F4xx_StdPeriph_Driver/src/stm32f4xx_dbgmcu.c **** 
  43:../inc/STM32F4xx_StdPeriph_Driver/src/stm32f4xx_dbgmcu.c **** /** @defgroup DBGMCU_Private_Functions
  44:../inc/STM32F4xx_StdPeriph_Driver/src/stm32f4xx_dbgmcu.c ****   * @{
  45:../inc/STM32F4xx_StdPeriph_Driver/src/stm32f4xx_dbgmcu.c ****   */ 
  46:../inc/STM32F4xx_StdPeriph_Driver/src/stm32f4xx_dbgmcu.c **** 
  47:../inc/STM32F4xx_StdPeriph_Driver/src/stm32f4xx_dbgmcu.c **** /**
  48:../inc/STM32F4xx_StdPeriph_Driver/src/stm32f4xx_dbgmcu.c ****   * @brief  Returns the device revision identifier.
  49:../inc/STM32F4xx_StdPeriph_Driver/src/stm32f4xx_dbgmcu.c ****   * @param  None
  50:../inc/STM32F4xx_StdPeriph_Driver/src/stm32f4xx_dbgmcu.c ****   * @retval Device revision identifier
  51:../inc/STM32F4xx_StdPeriph_Driver/src/stm32f4xx_dbgmcu.c ****   */
  52:../inc/STM32F4xx_StdPeriph_Driver/src/stm32f4xx_dbgmcu.c **** uint32_t DBGMCU_GetREVID(void)
  53:../inc/STM32F4xx_StdPeriph_Driver/src/stm32f4xx_dbgmcu.c **** {
 24585              		.loc 1 53 0
 24586              		.cfi_startproc
 24587              		@ args = 0, pretend = 0, frame = 0
 24588              		@ frame_needed = 1, uses_anonymous_args = 0
 24589              		@ link register save eliminated.
 24590 0000 80B4     		push	{r7}
 24591              	.LCFI0:
 24592              		.cfi_def_cfa_offset 4
 24593 0002 00AF     		add	r7, sp, #0
 24594              		.cfi_offset 7, -4
 24595              	.LCFI1:
 24596              		.cfi_def_cfa_register 7
  54:../inc/STM32F4xx_StdPeriph_Driver/src/stm32f4xx_dbgmcu.c ****    return(DBGMCU->IDCODE >> 16);
 24597              		.loc 1 54 0
 24598 0004 034B     		ldr	r3, .L2
 24599 0006 1B68     		ldr	r3, [r3, #0]
 24600 0008 4FEA1343 		lsr	r3, r3, #16
  55:../inc/STM32F4xx_StdPeriph_Driver/src/stm32f4xx_dbgmcu.c **** }
 24601              		.loc 1 55 0
 24602 000c 1846     		mov	r0, r3
 24603 000e BD46     		mov	sp, r7
 24604 0010 80BC     		pop	{r7}
 24605 0012 7047     		bx	lr
 24606              	.L3:
 24607              		.align	2
 24608              	.L2:
 24609 0014 002004E0 		.word	-536600576
 24610              		.cfi_endproc
 24611              	.LFE110:
 24613              		.section	.text.DBGMCU_GetDEVID,"ax",%progbits
 24614              		.align	2
 24615              		.global	DBGMCU_GetDEVID
 24616              		.thumb
 24617              		.thumb_func
 24619              	DBGMCU_GetDEVID:
 24620              	.LFB111:
  56:../inc/STM32F4xx_StdPeriph_Driver/src/stm32f4xx_dbgmcu.c **** 
  57:../inc/STM32F4xx_StdPeriph_Driver/src/stm32f4xx_dbgmcu.c **** /**
  58:../inc/STM32F4xx_StdPeriph_Driver/src/stm32f4xx_dbgmcu.c ****   * @brief  Returns the device identifier.
  59:../inc/STM32F4xx_StdPeriph_Driver/src/stm32f4xx_dbgmcu.c ****   * @param  None
  60:../inc/STM32F4xx_StdPeriph_Driver/src/stm32f4xx_dbgmcu.c ****   * @retval Device identifier
  61:../inc/STM32F4xx_StdPeriph_Driver/src/stm32f4xx_dbgmcu.c ****   */
  62:../inc/STM32F4xx_StdPeriph_Driver/src/stm32f4xx_dbgmcu.c **** uint32_t DBGMCU_GetDEVID(void)
  63:../inc/STM32F4xx_StdPeriph_Driver/src/stm32f4xx_dbgmcu.c **** {
 24621              		.loc 1 63 0
 24622              		.cfi_startproc
 24623              		@ args = 0, pretend = 0, frame = 0
 24624              		@ frame_needed = 1, uses_anonymous_args = 0
 24625              		@ link register save eliminated.
 24626 0000 80B4     		push	{r7}
 24627              	.LCFI2:
 24628              		.cfi_def_cfa_offset 4
 24629 0002 00AF     		add	r7, sp, #0
 24630              		.cfi_offset 7, -4
 24631              	.LCFI3:
 24632              		.cfi_def_cfa_register 7
  64:../inc/STM32F4xx_StdPeriph_Driver/src/stm32f4xx_dbgmcu.c ****    return(DBGMCU->IDCODE & IDCODE_DEVID_MASK);
 24633              		.loc 1 64 0
 24634 0004 044B     		ldr	r3, .L5
 24635 0006 1B68     		ldr	r3, [r3, #0]
 24636 0008 4FEA0353 		lsl	r3, r3, #20
 24637 000c 4FEA1353 		lsr	r3, r3, #20
  65:../inc/STM32F4xx_StdPeriph_Driver/src/stm32f4xx_dbgmcu.c **** }
 24638              		.loc 1 65 0
 24639 0010 1846     		mov	r0, r3
 24640 0012 BD46     		mov	sp, r7
 24641 0014 80BC     		pop	{r7}
 24642 0016 7047     		bx	lr
 24643              	.L6:
 24644              		.align	2
 24645              	.L5:
 24646 0018 002004E0 		.word	-536600576
 24647              		.cfi_endproc
 24648              	.LFE111:
 24650              		.section	.text.DBGMCU_Config,"ax",%progbits
 24651              		.align	2
 24652              		.global	DBGMCU_Config
 24653              		.thumb
 24654              		.thumb_func
 24656              	DBGMCU_Config:
 24657              	.LFB112:
  66:../inc/STM32F4xx_StdPeriph_Driver/src/stm32f4xx_dbgmcu.c **** 
  67:../inc/STM32F4xx_StdPeriph_Driver/src/stm32f4xx_dbgmcu.c **** /**
  68:../inc/STM32F4xx_StdPeriph_Driver/src/stm32f4xx_dbgmcu.c ****   * @brief  Configures low power mode behavior when the MCU is in Debug mode.
  69:../inc/STM32F4xx_StdPeriph_Driver/src/stm32f4xx_dbgmcu.c ****   * @param  DBGMCU_Periph: specifies the low power mode.
  70:../inc/STM32F4xx_StdPeriph_Driver/src/stm32f4xx_dbgmcu.c ****   *   This parameter can be any combination of the following values:
  71:../inc/STM32F4xx_StdPeriph_Driver/src/stm32f4xx_dbgmcu.c ****   *     @arg DBGMCU_SLEEP: Keep debugger connection during SLEEP mode              
  72:../inc/STM32F4xx_StdPeriph_Driver/src/stm32f4xx_dbgmcu.c ****   *     @arg DBGMCU_STOP: Keep debugger connection during STOP mode               
  73:../inc/STM32F4xx_StdPeriph_Driver/src/stm32f4xx_dbgmcu.c ****   *     @arg DBGMCU_STANDBY: Keep debugger connection during STANDBY mode        
  74:../inc/STM32F4xx_StdPeriph_Driver/src/stm32f4xx_dbgmcu.c ****   * @param  NewState: new state of the specified low power mode in Debug mode.
  75:../inc/STM32F4xx_StdPeriph_Driver/src/stm32f4xx_dbgmcu.c ****   *   This parameter can be: ENABLE or DISABLE.
  76:../inc/STM32F4xx_StdPeriph_Driver/src/stm32f4xx_dbgmcu.c ****   * @retval None
  77:../inc/STM32F4xx_StdPeriph_Driver/src/stm32f4xx_dbgmcu.c ****   */
  78:../inc/STM32F4xx_StdPeriph_Driver/src/stm32f4xx_dbgmcu.c **** void DBGMCU_Config(uint32_t DBGMCU_Periph, FunctionalState NewState)
  79:../inc/STM32F4xx_StdPeriph_Driver/src/stm32f4xx_dbgmcu.c **** {
 24658              		.loc 1 79 0
 24659              		.cfi_startproc
 24660              		@ args = 0, pretend = 0, frame = 8
 24661              		@ frame_needed = 1, uses_anonymous_args = 0
 24662              		@ link register save eliminated.
 24663 0000 80B4     		push	{r7}
 24664              	.LCFI4:
 24665              		.cfi_def_cfa_offset 4
 24666 0002 83B0     		sub	sp, sp, #12
 24667              	.LCFI5:
 24668              		.cfi_def_cfa_offset 16
 24669 0004 00AF     		add	r7, sp, #0
 24670              		.cfi_offset 7, -4
 24671              	.LCFI6:
 24672              		.cfi_def_cfa_register 7
 24673 0006 7860     		str	r0, [r7, #4]
 24674 0008 0B46     		mov	r3, r1
 24675 000a FB70     		strb	r3, [r7, #3]
  80:../inc/STM32F4xx_StdPeriph_Driver/src/stm32f4xx_dbgmcu.c ****   /* Check the parameters */
  81:../inc/STM32F4xx_StdPeriph_Driver/src/stm32f4xx_dbgmcu.c ****   assert_param(IS_DBGMCU_PERIPH(DBGMCU_Periph));
  82:../inc/STM32F4xx_StdPeriph_Driver/src/stm32f4xx_dbgmcu.c ****   assert_param(IS_FUNCTIONAL_STATE(NewState));
  83:../inc/STM32F4xx_StdPeriph_Driver/src/stm32f4xx_dbgmcu.c ****   if (NewState != DISABLE)
 24676              		.loc 1 83 0
 24677 000c FB78     		ldrb	r3, [r7, #3]	@ zero_extendqisi2
 24678 000e 002B     		cmp	r3, #0
 24679 0010 07D0     		beq	.L8
  84:../inc/STM32F4xx_StdPeriph_Driver/src/stm32f4xx_dbgmcu.c ****   {
  85:../inc/STM32F4xx_StdPeriph_Driver/src/stm32f4xx_dbgmcu.c ****     DBGMCU->CR |= DBGMCU_Periph;
 24680              		.loc 1 85 0
 24681 0012 0B4B     		ldr	r3, .L10
 24682 0014 0A4A     		ldr	r2, .L10
 24683 0016 5168     		ldr	r1, [r2, #4]
 24684 0018 7A68     		ldr	r2, [r7, #4]
 24685 001a 41EA0202 		orr	r2, r1, r2
 24686 001e 5A60     		str	r2, [r3, #4]
 24687 0020 08E0     		b	.L7
 24688              	.L8:
  86:../inc/STM32F4xx_StdPeriph_Driver/src/stm32f4xx_dbgmcu.c ****   }
  87:../inc/STM32F4xx_StdPeriph_Driver/src/stm32f4xx_dbgmcu.c ****   else
  88:../inc/STM32F4xx_StdPeriph_Driver/src/stm32f4xx_dbgmcu.c ****   {
  89:../inc/STM32F4xx_StdPeriph_Driver/src/stm32f4xx_dbgmcu.c ****     DBGMCU->CR &= ~DBGMCU_Periph;
 24689              		.loc 1 89 0
 24690 0022 074B     		ldr	r3, .L10
 24691 0024 064A     		ldr	r2, .L10
 24692 0026 5168     		ldr	r1, [r2, #4]
 24693 0028 7A68     		ldr	r2, [r7, #4]
 24694 002a 6FEA0202 		mvn	r2, r2
 24695 002e 01EA0202 		and	r2, r1, r2
 24696 0032 5A60     		str	r2, [r3, #4]
 24697              	.L7:
  90:../inc/STM32F4xx_StdPeriph_Driver/src/stm32f4xx_dbgmcu.c ****   }
  91:../inc/STM32F4xx_StdPeriph_Driver/src/stm32f4xx_dbgmcu.c **** }
 24698              		.loc 1 91 0
 24699 0034 07F10C07 		add	r7, r7, #12
 24700 0038 BD46     		mov	sp, r7
 24701 003a 80BC     		pop	{r7}
 24702 003c 7047     		bx	lr
 24703              	.L11:
 24704 003e 00BF     		.align	2
 24705              	.L10:
 24706 0040 002004E0 		.word	-536600576
 24707              		.cfi_endproc
 24708              	.LFE112:
 24710              		.section	.text.DBGMCU_APB1PeriphConfig,"ax",%progbits
 24711              		.align	2
 24712              		.global	DBGMCU_APB1PeriphConfig
 24713              		.thumb
 24714              		.thumb_func
 24716              	DBGMCU_APB1PeriphConfig:
 24717              	.LFB113:
  92:../inc/STM32F4xx_StdPeriph_Driver/src/stm32f4xx_dbgmcu.c **** 
  93:../inc/STM32F4xx_StdPeriph_Driver/src/stm32f4xx_dbgmcu.c **** /**
  94:../inc/STM32F4xx_StdPeriph_Driver/src/stm32f4xx_dbgmcu.c ****   * @brief  Configures APB1 peripheral behavior when the MCU is in Debug mode.
  95:../inc/STM32F4xx_StdPeriph_Driver/src/stm32f4xx_dbgmcu.c ****   * @param  DBGMCU_Periph: specifies the APB1 peripheral.
  96:../inc/STM32F4xx_StdPeriph_Driver/src/stm32f4xx_dbgmcu.c ****   *   This parameter can be any combination of the following values:        
  97:../inc/STM32F4xx_StdPeriph_Driver/src/stm32f4xx_dbgmcu.c ****   *     @arg DBGMCU_TIM2_STOP: TIM2 counter stopped when Core is halted          
  98:../inc/STM32F4xx_StdPeriph_Driver/src/stm32f4xx_dbgmcu.c ****   *     @arg DBGMCU_TIM3_STOP: TIM3 counter stopped when Core is halted          
  99:../inc/STM32F4xx_StdPeriph_Driver/src/stm32f4xx_dbgmcu.c ****   *     @arg DBGMCU_TIM4_STOP: TIM4 counter stopped when Core is halted
 100:../inc/STM32F4xx_StdPeriph_Driver/src/stm32f4xx_dbgmcu.c ****   *     @arg DBGMCU_TIM5_STOP: TIM5 counter stopped when Core is halted          
 101:../inc/STM32F4xx_StdPeriph_Driver/src/stm32f4xx_dbgmcu.c ****   *     @arg DBGMCU_TIM6_STOP: TIM6 counter stopped when Core is halted          
 102:../inc/STM32F4xx_StdPeriph_Driver/src/stm32f4xx_dbgmcu.c ****   *     @arg DBGMCU_TIM7_STOP: TIM7 counter stopped when Core is halted
 103:../inc/STM32F4xx_StdPeriph_Driver/src/stm32f4xx_dbgmcu.c ****   *     @arg DBGMCU_TIM12_STOP: TIM12 counter stopped when Core is halted  
 104:../inc/STM32F4xx_StdPeriph_Driver/src/stm32f4xx_dbgmcu.c ****   *     @arg DBGMCU_TIM13_STOP: TIM13 counter stopped when Core is halted  
 105:../inc/STM32F4xx_StdPeriph_Driver/src/stm32f4xx_dbgmcu.c ****   *     @arg DBGMCU_TIM14_STOP: TIM14 counter stopped when Core is halted 
 106:../inc/STM32F4xx_StdPeriph_Driver/src/stm32f4xx_dbgmcu.c ****   *     @arg DBGMCU_RTC_STOP: RTC Calendar and Wakeup counter stopped when Core is halted.         
 107:../inc/STM32F4xx_StdPeriph_Driver/src/stm32f4xx_dbgmcu.c ****   *     @arg DBGMCU_WWDG_STOP: Debug WWDG stopped when Core is halted
 108:../inc/STM32F4xx_StdPeriph_Driver/src/stm32f4xx_dbgmcu.c ****   *     @arg DBGMCU_IWDG_STOP: Debug IWDG stopped when Core is halted        
 109:../inc/STM32F4xx_StdPeriph_Driver/src/stm32f4xx_dbgmcu.c ****   *     @arg DBGMCU_I2C1_SMBUS_TIMEOUT: I2C1 SMBUS timeout mode stopped when Core is halted
 110:../inc/STM32F4xx_StdPeriph_Driver/src/stm32f4xx_dbgmcu.c ****   *     @arg DBGMCU_I2C2_SMBUS_TIMEOUT: I2C2 SMBUS timeout mode stopped when Core is halted
 111:../inc/STM32F4xx_StdPeriph_Driver/src/stm32f4xx_dbgmcu.c ****   *     @arg DBGMCU_I2C3_SMBUS_TIMEOUT: I2C3 SMBUS timeout mode stopped when Core is halted
 112:../inc/STM32F4xx_StdPeriph_Driver/src/stm32f4xx_dbgmcu.c ****   *     @arg DBGMCU_CAN2_STOP: Debug CAN1 stopped when Core is halted           
 113:../inc/STM32F4xx_StdPeriph_Driver/src/stm32f4xx_dbgmcu.c ****   *     @arg DBGMCU_CAN1_STOP: Debug CAN2 stopped when Core is halted        
 114:../inc/STM32F4xx_StdPeriph_Driver/src/stm32f4xx_dbgmcu.c ****   *   This parameter can be: ENABLE or DISABLE.
 115:../inc/STM32F4xx_StdPeriph_Driver/src/stm32f4xx_dbgmcu.c ****   * @retval None
 116:../inc/STM32F4xx_StdPeriph_Driver/src/stm32f4xx_dbgmcu.c ****   */
 117:../inc/STM32F4xx_StdPeriph_Driver/src/stm32f4xx_dbgmcu.c **** void DBGMCU_APB1PeriphConfig(uint32_t DBGMCU_Periph, FunctionalState NewState)
 118:../inc/STM32F4xx_StdPeriph_Driver/src/stm32f4xx_dbgmcu.c **** {
 24718              		.loc 1 118 0
 24719              		.cfi_startproc
 24720              		@ args = 0, pretend = 0, frame = 8
 24721              		@ frame_needed = 1, uses_anonymous_args = 0
 24722              		@ link register save eliminated.
 24723 0000 80B4     		push	{r7}
 24724              	.LCFI7:
 24725              		.cfi_def_cfa_offset 4
 24726 0002 83B0     		sub	sp, sp, #12
 24727              	.LCFI8:
 24728              		.cfi_def_cfa_offset 16
 24729 0004 00AF     		add	r7, sp, #0
 24730              		.cfi_offset 7, -4
 24731              	.LCFI9:
 24732              		.cfi_def_cfa_register 7
 24733 0006 7860     		str	r0, [r7, #4]
 24734 0008 0B46     		mov	r3, r1
 24735 000a FB70     		strb	r3, [r7, #3]
 119:../inc/STM32F4xx_StdPeriph_Driver/src/stm32f4xx_dbgmcu.c ****   /* Check the parameters */
 120:../inc/STM32F4xx_StdPeriph_Driver/src/stm32f4xx_dbgmcu.c ****   assert_param(IS_DBGMCU_APB1PERIPH(DBGMCU_Periph));
 121:../inc/STM32F4xx_StdPeriph_Driver/src/stm32f4xx_dbgmcu.c ****   assert_param(IS_FUNCTIONAL_STATE(NewState));
 122:../inc/STM32F4xx_StdPeriph_Driver/src/stm32f4xx_dbgmcu.c **** 
 123:../inc/STM32F4xx_StdPeriph_Driver/src/stm32f4xx_dbgmcu.c ****   if (NewState != DISABLE)
 24736              		.loc 1 123 0
 24737 000c FB78     		ldrb	r3, [r7, #3]	@ zero_extendqisi2
 24738 000e 002B     		cmp	r3, #0
 24739 0010 07D0     		beq	.L13
 124:../inc/STM32F4xx_StdPeriph_Driver/src/stm32f4xx_dbgmcu.c ****   {
 125:../inc/STM32F4xx_StdPeriph_Driver/src/stm32f4xx_dbgmcu.c ****     DBGMCU->APB1FZ |= DBGMCU_Periph;
 24740              		.loc 1 125 0
 24741 0012 0B4B     		ldr	r3, .L15
 24742 0014 0A4A     		ldr	r2, .L15
 24743 0016 9168     		ldr	r1, [r2, #8]
 24744 0018 7A68     		ldr	r2, [r7, #4]
 24745 001a 41EA0202 		orr	r2, r1, r2
 24746 001e 9A60     		str	r2, [r3, #8]
 24747 0020 08E0     		b	.L12
 24748              	.L13:
 126:../inc/STM32F4xx_StdPeriph_Driver/src/stm32f4xx_dbgmcu.c ****   }
 127:../inc/STM32F4xx_StdPeriph_Driver/src/stm32f4xx_dbgmcu.c ****   else
 128:../inc/STM32F4xx_StdPeriph_Driver/src/stm32f4xx_dbgmcu.c ****   {
 129:../inc/STM32F4xx_StdPeriph_Driver/src/stm32f4xx_dbgmcu.c ****     DBGMCU->APB1FZ &= ~DBGMCU_Periph;
 24749              		.loc 1 129 0
 24750 0022 074B     		ldr	r3, .L15
 24751 0024 064A     		ldr	r2, .L15
 24752 0026 9168     		ldr	r1, [r2, #8]
 24753 0028 7A68     		ldr	r2, [r7, #4]
 24754 002a 6FEA0202 		mvn	r2, r2
 24755 002e 01EA0202 		and	r2, r1, r2
 24756 0032 9A60     		str	r2, [r3, #8]
 24757              	.L12:
 130:../inc/STM32F4xx_StdPeriph_Driver/src/stm32f4xx_dbgmcu.c ****   }
 131:../inc/STM32F4xx_StdPeriph_Driver/src/stm32f4xx_dbgmcu.c **** }
 24758              		.loc 1 131 0
 24759 0034 07F10C07 		add	r7, r7, #12
 24760 0038 BD46     		mov	sp, r7
 24761 003a 80BC     		pop	{r7}
 24762 003c 7047     		bx	lr
 24763              	.L16:
 24764 003e 00BF     		.align	2
 24765              	.L15:
 24766 0040 002004E0 		.word	-536600576
 24767              		.cfi_endproc
 24768              	.LFE113:
 24770              		.section	.text.DBGMCU_APB2PeriphConfig,"ax",%progbits
 24771              		.align	2
 24772              		.global	DBGMCU_APB2PeriphConfig
 24773              		.thumb
 24774              		.thumb_func
 24776              	DBGMCU_APB2PeriphConfig:
 24777              	.LFB114:
 132:../inc/STM32F4xx_StdPeriph_Driver/src/stm32f4xx_dbgmcu.c **** 
 133:../inc/STM32F4xx_StdPeriph_Driver/src/stm32f4xx_dbgmcu.c **** /**
 134:../inc/STM32F4xx_StdPeriph_Driver/src/stm32f4xx_dbgmcu.c ****   * @brief  Configures APB2 peripheral behavior when the MCU is in Debug mode.
 135:../inc/STM32F4xx_StdPeriph_Driver/src/stm32f4xx_dbgmcu.c ****   * @param  DBGMCU_Periph: specifies the APB2 peripheral.
 136:../inc/STM32F4xx_StdPeriph_Driver/src/stm32f4xx_dbgmcu.c ****   *   This parameter can be any combination of the following values:       
 137:../inc/STM32F4xx_StdPeriph_Driver/src/stm32f4xx_dbgmcu.c ****   *     @arg DBGMCU_TIM1_STOP: TIM1 counter stopped when Core is halted                
 138:../inc/STM32F4xx_StdPeriph_Driver/src/stm32f4xx_dbgmcu.c ****   *     @arg DBGMCU_TIM8_STOP: TIM8 counter stopped when Core is halted
 139:../inc/STM32F4xx_StdPeriph_Driver/src/stm32f4xx_dbgmcu.c ****   *     @arg DBGMCU_TIM9_STOP: TIM9 counter stopped when Core is halted   
 140:../inc/STM32F4xx_StdPeriph_Driver/src/stm32f4xx_dbgmcu.c ****   *     @arg DBGMCU_TIM10_STOP: TIM10 counter stopped when Core is halted   
 141:../inc/STM32F4xx_StdPeriph_Driver/src/stm32f4xx_dbgmcu.c ****   *     @arg DBGMCU_TIM11_STOP: TIM11 counter stopped when Core is halted                          
 142:../inc/STM32F4xx_StdPeriph_Driver/src/stm32f4xx_dbgmcu.c ****   * @param  NewState: new state of the specified peripheral in Debug mode.
 143:../inc/STM32F4xx_StdPeriph_Driver/src/stm32f4xx_dbgmcu.c ****   *   This parameter can be: ENABLE or DISABLE.
 144:../inc/STM32F4xx_StdPeriph_Driver/src/stm32f4xx_dbgmcu.c ****   * @retval None
 145:../inc/STM32F4xx_StdPeriph_Driver/src/stm32f4xx_dbgmcu.c ****   */
 146:../inc/STM32F4xx_StdPeriph_Driver/src/stm32f4xx_dbgmcu.c **** void DBGMCU_APB2PeriphConfig(uint32_t DBGMCU_Periph, FunctionalState NewState)
 147:../inc/STM32F4xx_StdPeriph_Driver/src/stm32f4xx_dbgmcu.c **** {
 24778              		.loc 1 147 0
 24779              		.cfi_startproc
 24780              		@ args = 0, pretend = 0, frame = 8
 24781              		@ frame_needed = 1, uses_anonymous_args = 0
 24782              		@ link register save eliminated.
 24783 0000 80B4     		push	{r7}
 24784              	.LCFI10:
 24785              		.cfi_def_cfa_offset 4
 24786 0002 83B0     		sub	sp, sp, #12
 24787              	.LCFI11:
 24788              		.cfi_def_cfa_offset 16
 24789 0004 00AF     		add	r7, sp, #0
 24790              		.cfi_offset 7, -4
 24791              	.LCFI12:
 24792              		.cfi_def_cfa_register 7
 24793 0006 7860     		str	r0, [r7, #4]
 24794 0008 0B46     		mov	r3, r1
 24795 000a FB70     		strb	r3, [r7, #3]
 148:../inc/STM32F4xx_StdPeriph_Driver/src/stm32f4xx_dbgmcu.c ****   /* Check the parameters */
 149:../inc/STM32F4xx_StdPeriph_Driver/src/stm32f4xx_dbgmcu.c ****   assert_param(IS_DBGMCU_APB2PERIPH(DBGMCU_Periph));
 150:../inc/STM32F4xx_StdPeriph_Driver/src/stm32f4xx_dbgmcu.c ****   assert_param(IS_FUNCTIONAL_STATE(NewState));
 151:../inc/STM32F4xx_StdPeriph_Driver/src/stm32f4xx_dbgmcu.c **** 
 152:../inc/STM32F4xx_StdPeriph_Driver/src/stm32f4xx_dbgmcu.c ****   if (NewState != DISABLE)
 24796              		.loc 1 152 0
 24797 000c FB78     		ldrb	r3, [r7, #3]	@ zero_extendqisi2
 24798 000e 002B     		cmp	r3, #0
 24799 0010 07D0     		beq	.L18
 153:../inc/STM32F4xx_StdPeriph_Driver/src/stm32f4xx_dbgmcu.c ****   {
 154:../inc/STM32F4xx_StdPeriph_Driver/src/stm32f4xx_dbgmcu.c ****     DBGMCU->APB2FZ |= DBGMCU_Periph;
 24800              		.loc 1 154 0
 24801 0012 0B4B     		ldr	r3, .L20
 24802 0014 0A4A     		ldr	r2, .L20
 24803 0016 D168     		ldr	r1, [r2, #12]
 24804 0018 7A68     		ldr	r2, [r7, #4]
 24805 001a 41EA0202 		orr	r2, r1, r2
 24806 001e DA60     		str	r2, [r3, #12]
 24807 0020 08E0     		b	.L17
 24808              	.L18:
 155:../inc/STM32F4xx_StdPeriph_Driver/src/stm32f4xx_dbgmcu.c ****   }
 156:../inc/STM32F4xx_StdPeriph_Driver/src/stm32f4xx_dbgmcu.c ****   else
 157:../inc/STM32F4xx_StdPeriph_Driver/src/stm32f4xx_dbgmcu.c ****   {
 158:../inc/STM32F4xx_StdPeriph_Driver/src/stm32f4xx_dbgmcu.c ****     DBGMCU->APB2FZ &= ~DBGMCU_Periph;
 24809              		.loc 1 158 0
 24810 0022 074B     		ldr	r3, .L20
 24811 0024 064A     		ldr	r2, .L20
 24812 0026 D168     		ldr	r1, [r2, #12]
 24813 0028 7A68     		ldr	r2, [r7, #4]
 24814 002a 6FEA0202 		mvn	r2, r2
 24815 002e 01EA0202 		and	r2, r1, r2
 24816 0032 DA60     		str	r2, [r3, #12]
 24817              	.L17:
 159:../inc/STM32F4xx_StdPeriph_Driver/src/stm32f4xx_dbgmcu.c ****   }
 160:../inc/STM32F4xx_StdPeriph_Driver/src/stm32f4xx_dbgmcu.c **** }
 24818              		.loc 1 160 0
 24819 0034 07F10C07 		add	r7, r7, #12
 24820 0038 BD46     		mov	sp, r7
 24821 003a 80BC     		pop	{r7}
 24822 003c 7047     		bx	lr
 24823              	.L21:
 24824 003e 00BF     		.align	2
 24825              	.L20:
 24826 0040 002004E0 		.word	-536600576
 24827              		.cfi_endproc
 24828              	.LFE114:
 24830              		.text
 24831              	.Letext0:
DEFINED SYMBOLS
                            *ABS*:00000000 stm32f4xx_dbgmcu.c
     /tmp/cc5y0Hog.s:24578  .text.DBGMCU_GetREVID:00000000 $t
     /tmp/cc5y0Hog.s:24583  .text.DBGMCU_GetREVID:00000000 DBGMCU_GetREVID
     /tmp/cc5y0Hog.s:24609  .text.DBGMCU_GetREVID:00000014 $d
     /tmp/cc5y0Hog.s:24614  .text.DBGMCU_GetDEVID:00000000 $t
     /tmp/cc5y0Hog.s:24619  .text.DBGMCU_GetDEVID:00000000 DBGMCU_GetDEVID
     /tmp/cc5y0Hog.s:24646  .text.DBGMCU_GetDEVID:00000018 $d
     /tmp/cc5y0Hog.s:24651  .text.DBGMCU_Config:00000000 $t
     /tmp/cc5y0Hog.s:24656  .text.DBGMCU_Config:00000000 DBGMCU_Config
     /tmp/cc5y0Hog.s:24706  .text.DBGMCU_Config:00000040 $d
     /tmp/cc5y0Hog.s:24711  .text.DBGMCU_APB1PeriphConfig:00000000 $t
     /tmp/cc5y0Hog.s:24716  .text.DBGMCU_APB1PeriphConfig:00000000 DBGMCU_APB1PeriphConfig
     /tmp/cc5y0Hog.s:24766  .text.DBGMCU_APB1PeriphConfig:00000040 $d
     /tmp/cc5y0Hog.s:24771  .text.DBGMCU_APB2PeriphConfig:00000000 $t
     /tmp/cc5y0Hog.s:24776  .text.DBGMCU_APB2PeriphConfig:00000000 DBGMCU_APB2PeriphConfig
     /tmp/cc5y0Hog.s:24826  .text.DBGMCU_APB2PeriphConfig:00000040 $d
                     .debug_frame:00000010 $d

NO UNDEFINED SYMBOLS
