   1              		.syntax unified
   2              		.cpu cortex-m4
   3              		.fpu softvfp
   4              		.eabi_attribute 20, 1
   5              		.eabi_attribute 21, 1
   6              		.eabi_attribute 23, 3
   7              		.eabi_attribute 24, 1
   8              		.eabi_attribute 25, 1
   9              		.eabi_attribute 26, 1
  10              		.eabi_attribute 30, 6
  11              		.eabi_attribute 18, 4
  12              		.thumb
  13              		.file	"main.c"
  23              	.Ltext0:
  24              		.file 1 "../src/main.c"
 25531              		.align	2
 25532              		.global	main
 25533              		.thumb
 25534              		.thumb_func
 25536              	main:
 25537              	.LFB110:
   1:../src/main.c **** /* Includes ------------------------------------------------------------------*/
   2:../src/main.c **** #include "main.h"
   3:../src/main.c **** #include "stm32f4_discovery.h"
   4:../src/main.c **** #include "lis302dl.h"
   5:../src/main.c **** #include "periph_init.h"
   6:../src/main.c **** #include "protocol.h"
   7:../src/main.c **** #include "usbd_core.h"
   8:../src/main.c **** #include "usbd_desc.h"
   9:../src/main.c **** #include "usbd_cdc_core.h"
  10:../src/main.c **** #include "usbd_cdc_vcp.h"
  11:../src/main.c **** #include "usbd_usr.h"
  12:../src/main.c **** 
  13:../src/main.c **** /* Private typedef -----------------------------------------------------------*/
  14:../src/main.c **** /* Private define ------------------------------------------------------------*/
  15:../src/main.c **** 
  16:../src/main.c **** /* Private macro -------------------------------------------------------------*/
  17:../src/main.c **** /* Private variables ---------------------------------------------------------*/
  18:../src/main.c **** #ifdef USB_OTG_HS_INTERNAL_DMA_ENABLED
  19:../src/main.c **** #if defined ( __ICCARM__ ) /*!< IAR Compiler */
  20:../src/main.c **** #pragma data_alignment = 4
  21:../src/main.c **** #endif
  22:../src/main.c **** #endif /* USB_OTG_HS_INTERNAL_DMA_ENABLED */
  23:../src/main.c **** __ALIGN_BEGIN USB_OTG_CORE_HANDLE USB_OTG_dev __ALIGN_END;
  24:../src/main.c **** 
  25:../src/main.c **** extern __I uint32_t SysTime;
  26:../src/main.c **** extern CDC_IF_Prop_TypeDef  VCP_fops;
  27:../src/main.c **** 
  28:../src/main.c **** /* Private function prototypes -----------------------------------------------*/
  29:../src/main.c **** static void sendData(void);
  30:../src/main.c **** static void Delay(__IO uint32_t nTime);
  31:../src/main.c **** static void getData(void);
  32:../src/main.c **** 
  33:../src/main.c **** /* Private functions ---------------------------------------------------------*/
  34:../src/main.c **** 
  35:../src/main.c **** /**
  36:../src/main.c ****  * @brief  Main program.
  37:../src/main.c ****  * @param  None
  38:../src/main.c ****  * @retval None
  39:../src/main.c ****  */
  40:../src/main.c **** int main(void) {
 25538              		.loc 1 40 0
 25539              		.cfi_startproc
 25540              		@ args = 0, pretend = 0, frame = 8
 25541              		@ frame_needed = 1, uses_anonymous_args = 0
 25542 0000 80B5     		push	{r7, lr}
 25543              	.LCFI0:
 25544              		.cfi_def_cfa_offset 8
 25545 0002 84B0     		sub	sp, sp, #16
 25546              	.LCFI1:
 25547              		.cfi_def_cfa_offset 24
 25548 0004 02AF     		add	r7, sp, #8
 25549              		.cfi_offset 14, -4
 25550              		.cfi_offset 7, -8
 25551              	.LCFI2:
 25552              		.cfi_def_cfa 7, 16
  41:../src/main.c ****     Data_get = 0;
 25553              		.loc 1 41 0
 25554 0006 1C4B     		ldr	r3, .L4
 25555 0008 4FF00002 		mov	r2, #0
 25556 000c 1A70     		strb	r2, [r3, #0]
  42:../src/main.c ****     uint32_t val = PWM_PERIOD;
 25557              		.loc 1 42 0
 25558 000e 4FF47A73 		mov	r3, #1000
 25559 0012 7B60     		str	r3, [r7, #4]
  43:../src/main.c **** 
  44:../src/main.c ****     PERIPH_Init_SysTick();
 25560              		.loc 1 44 0
 25561 0014 FFF7FEFF 		bl	PERIPH_Init_SysTick
  45:../src/main.c ****     PERIPH_Init_Leds();
 25562              		.loc 1 45 0
 25563 0018 FFF7FEFF 		bl	PERIPH_Init_Leds
  46:../src/main.c ****     PERIPH_Init_Timer();
 25564              		.loc 1 46 0
 25565 001c FFF7FEFF 		bl	PERIPH_Init_Timer
  47:../src/main.c ****     PERIPH_Init_PWM();
 25566              		.loc 1 47 0
 25567 0020 FFF7FEFF 		bl	PERIPH_Init_PWM
  48:../src/main.c ****     PERIPH_Init_Spi();
 25568              		.loc 1 48 0
 25569 0024 FFF7FEFF 		bl	PERIPH_Init_Spi
  49:../src/main.c ****     LIS302DL_Init();
 25570              		.loc 1 49 0
 25571 0028 FFF7FEFF 		bl	LIS302DL_Init
  50:../src/main.c **** 
  51:../src/main.c ****     /* USB configuration */
  52:../src/main.c ****     USBD_Init(&USB_OTG_dev, USB_OTG_FS_CORE_ID, &USR_desc, &USBD_CDC_cb, &USR_cb);
 25572              		.loc 1 52 0
 25573 002c 134B     		ldr	r3, .L4+4
 25574 002e 0093     		str	r3, [sp, #0]
 25575 0030 1348     		ldr	r0, .L4+8
 25576 0032 4FF00101 		mov	r1, #1
 25577 0036 134A     		ldr	r2, .L4+12
 25578 0038 134B     		ldr	r3, .L4+16
 25579 003a FFF7FEFF 		bl	USBD_Init
 25580              	.L3:
  53:../src/main.c **** 
  54:../src/main.c ****     while (1) {
  55:../src/main.c ****         val = PWM_PERIOD - val;
 25581              		.loc 1 55 0
 25582 003e 7B68     		ldr	r3, [r7, #4]
 25583 0040 C3F57A73 		rsb	r3, r3, #1000
 25584 0044 7B60     		str	r3, [r7, #4]
  56:../src/main.c ****         TIM_SetCompare1(TIM4, val);
 25585              		.loc 1 56 0
 25586 0046 1148     		ldr	r0, .L4+20
 25587 0048 7968     		ldr	r1, [r7, #4]
 25588 004a FFF7FEFF 		bl	TIM_SetCompare1
  57:../src/main.c **** 
  58:../src/main.c ****         if (USBD_USR_DEVICE_CONFIGURED == SET) {
 25589              		.loc 1 58 0
 25590 004e 104B     		ldr	r3, .L4+24
 25591 0050 1B78     		ldrb	r3, [r3, #0]	@ zero_extendqisi2
 25592 0052 012B     		cmp	r3, #1
 25593 0054 0BD1     		bne	.L2
  59:../src/main.c ****             sendData();
 25594              		.loc 1 59 0
 25595 0056 FFF7FEFF 		bl	sendData
  60:../src/main.c **** 
  61:../src/main.c ****             if (Data_get == 1) {
 25596              		.loc 1 61 0
 25597 005a 074B     		ldr	r3, .L4
 25598 005c 1B78     		ldrb	r3, [r3, #0]	@ zero_extendqisi2
 25599 005e 012B     		cmp	r3, #1
 25600 0060 05D1     		bne	.L2
  62:../src/main.c ****                 getData();
 25601              		.loc 1 62 0
 25602 0062 FFF7FEFF 		bl	getData
  63:../src/main.c ****                 Data_get = 0;
 25603              		.loc 1 63 0
 25604 0066 044B     		ldr	r3, .L4
 25605 0068 4FF00002 		mov	r2, #0
 25606 006c 1A70     		strb	r2, [r3, #0]
 25607              	.L2:
  64:../src/main.c ****             }
  65:../src/main.c ****         }
  66:../src/main.c **** 
  67:../src/main.c ****         Delay(10000);
 25608              		.loc 1 67 0
 25609 006e 42F21070 		movw	r0, #10000
 25610 0072 FFF7FEFF 		bl	Delay
  68:../src/main.c ****     }
 25611              		.loc 1 68 0
 25612 0076 E2E7     		b	.L3
 25613              	.L5:
 25614              		.align	2
 25615              	.L4:
 25616 0078 00000000 		.word	Data_get
 25617 007c 00000000 		.word	USR_cb
 25618 0080 00000000 		.word	USB_OTG_dev
 25619 0084 00000000 		.word	USR_desc
 25620 0088 00000000 		.word	USBD_CDC_cb
 25621 008c 00080040 		.word	1073743872
 25622 0090 00000000 		.word	USBD_USR_DEVICE_CONFIGURED
 25623              		.cfi_endproc
 25624              	.LFE110:
 25626              		.section	.text.Delay,"ax",%progbits
 25627              		.align	2
 25628              		.thumb
 25629              		.thumb_func
 25631              	Delay:
 25632              	.LFB111:
  69:../src/main.c **** }
  70:../src/main.c **** 
  71:../src/main.c **** /**
  72:../src/main.c ****  * @brief  Inserts a delay time.
  73:../src/main.c ****  * @param  nTime: specifies the delay time length, in 10 ms.
  74:../src/main.c ****  * @retval None
  75:../src/main.c ****  */
  76:../src/main.c **** static void Delay(__IO uint32_t nTime) {
 25633              		.loc 1 76 0
 25634              		.cfi_startproc
 25635              		@ args = 0, pretend = 0, frame = 8
 25636              		@ frame_needed = 1, uses_anonymous_args = 0
 25637              		@ link register save eliminated.
 25638 0000 80B4     		push	{r7}
 25639              	.LCFI3:
 25640              		.cfi_def_cfa_offset 4
 25641 0002 83B0     		sub	sp, sp, #12
 25642              	.LCFI4:
 25643              		.cfi_def_cfa_offset 16
 25644 0004 00AF     		add	r7, sp, #0
 25645              		.cfi_offset 7, -4
 25646              	.LCFI5:
 25647              		.cfi_def_cfa_register 7
 25648 0006 7860     		str	r0, [r7, #4]
  77:../src/main.c ****     nTime += SysTime;
 25649              		.loc 1 77 0
 25650 0008 7A68     		ldr	r2, [r7, #4]
 25651 000a 084B     		ldr	r3, .L9
 25652 000c 1B68     		ldr	r3, [r3, #0]
 25653 000e D318     		adds	r3, r2, r3
 25654 0010 7B60     		str	r3, [r7, #4]
  78:../src/main.c **** 
  79:../src/main.c ****     while (nTime > SysTime) {
 25655              		.loc 1 79 0
 25656 0012 00E0     		b	.L7
 25657              	.L8:
 25658              	.LBB4:
 25659              	.LBB5:
   1:/home/kvv/workspace/k-car/autopilot/inc/CMSIS/core_cmInstr.h **** /**************************************************************************//**
   2:/home/kvv/workspace/k-car/autopilot/inc/CMSIS/core_cmInstr.h ****  * @file     core_cmInstr.h
   3:/home/kvv/workspace/k-car/autopilot/inc/CMSIS/core_cmInstr.h ****  * @brief    CMSIS Cortex-M Core Instruction Access Header File
   4:/home/kvv/workspace/k-car/autopilot/inc/CMSIS/core_cmInstr.h ****  * @version  V2.10
   5:/home/kvv/workspace/k-car/autopilot/inc/CMSIS/core_cmInstr.h ****  * @date     19. July 2011
   6:/home/kvv/workspace/k-car/autopilot/inc/CMSIS/core_cmInstr.h ****  *
   7:/home/kvv/workspace/k-car/autopilot/inc/CMSIS/core_cmInstr.h ****  * @note
   8:/home/kvv/workspace/k-car/autopilot/inc/CMSIS/core_cmInstr.h ****  * Copyright (C) 2009-2011 ARM Limited. All rights reserved.
   9:/home/kvv/workspace/k-car/autopilot/inc/CMSIS/core_cmInstr.h ****  *
  10:/home/kvv/workspace/k-car/autopilot/inc/CMSIS/core_cmInstr.h ****  * @par
  11:/home/kvv/workspace/k-car/autopilot/inc/CMSIS/core_cmInstr.h ****  * ARM Limited (ARM) is supplying this software for use with Cortex-M 
  12:/home/kvv/workspace/k-car/autopilot/inc/CMSIS/core_cmInstr.h ****  * processor based microcontrollers.  This file can be freely distributed 
  13:/home/kvv/workspace/k-car/autopilot/inc/CMSIS/core_cmInstr.h ****  * within development tools that are supporting such ARM based processors. 
  14:/home/kvv/workspace/k-car/autopilot/inc/CMSIS/core_cmInstr.h ****  *
  15:/home/kvv/workspace/k-car/autopilot/inc/CMSIS/core_cmInstr.h ****  * @par
  16:/home/kvv/workspace/k-car/autopilot/inc/CMSIS/core_cmInstr.h ****  * THIS SOFTWARE IS PROVIDED "AS IS".  NO WARRANTIES, WHETHER EXPRESS, IMPLIED
  17:/home/kvv/workspace/k-car/autopilot/inc/CMSIS/core_cmInstr.h ****  * OR STATUTORY, INCLUDING, BUT NOT LIMITED TO, IMPLIED WARRANTIES OF
  18:/home/kvv/workspace/k-car/autopilot/inc/CMSIS/core_cmInstr.h ****  * MERCHANTABILITY AND FITNESS FOR A PARTICULAR PURPOSE APPLY TO THIS SOFTWARE.
  19:/home/kvv/workspace/k-car/autopilot/inc/CMSIS/core_cmInstr.h ****  * ARM SHALL NOT, IN ANY CIRCUMSTANCES, BE LIABLE FOR SPECIAL, INCIDENTAL, OR
  20:/home/kvv/workspace/k-car/autopilot/inc/CMSIS/core_cmInstr.h ****  * CONSEQUENTIAL DAMAGES, FOR ANY REASON WHATSOEVER.
  21:/home/kvv/workspace/k-car/autopilot/inc/CMSIS/core_cmInstr.h ****  *
  22:/home/kvv/workspace/k-car/autopilot/inc/CMSIS/core_cmInstr.h ****  ******************************************************************************/
  23:/home/kvv/workspace/k-car/autopilot/inc/CMSIS/core_cmInstr.h **** 
  24:/home/kvv/workspace/k-car/autopilot/inc/CMSIS/core_cmInstr.h **** #ifndef __CORE_CMINSTR_H
  25:/home/kvv/workspace/k-car/autopilot/inc/CMSIS/core_cmInstr.h **** #define __CORE_CMINSTR_H
  26:/home/kvv/workspace/k-car/autopilot/inc/CMSIS/core_cmInstr.h **** 
  27:/home/kvv/workspace/k-car/autopilot/inc/CMSIS/core_cmInstr.h **** 
  28:/home/kvv/workspace/k-car/autopilot/inc/CMSIS/core_cmInstr.h **** /* ##########################  Core Instruction Access  ######################### */
  29:/home/kvv/workspace/k-car/autopilot/inc/CMSIS/core_cmInstr.h **** /** \defgroup CMSIS_Core_InstructionInterface CMSIS Core Instruction Interface
  30:/home/kvv/workspace/k-car/autopilot/inc/CMSIS/core_cmInstr.h ****   Access to dedicated instructions
  31:/home/kvv/workspace/k-car/autopilot/inc/CMSIS/core_cmInstr.h ****   @{
  32:/home/kvv/workspace/k-car/autopilot/inc/CMSIS/core_cmInstr.h **** */
  33:/home/kvv/workspace/k-car/autopilot/inc/CMSIS/core_cmInstr.h **** 
  34:/home/kvv/workspace/k-car/autopilot/inc/CMSIS/core_cmInstr.h **** #if   defined ( __CC_ARM ) /*------------------RealView Compiler -----------------*/
  35:/home/kvv/workspace/k-car/autopilot/inc/CMSIS/core_cmInstr.h **** /* ARM armcc specific functions */
  36:/home/kvv/workspace/k-car/autopilot/inc/CMSIS/core_cmInstr.h **** 
  37:/home/kvv/workspace/k-car/autopilot/inc/CMSIS/core_cmInstr.h **** #if (__ARMCC_VERSION < 400677)
  38:/home/kvv/workspace/k-car/autopilot/inc/CMSIS/core_cmInstr.h ****   #error "Please use ARM Compiler Toolchain V4.0.677 or later!"
  39:/home/kvv/workspace/k-car/autopilot/inc/CMSIS/core_cmInstr.h **** #endif
  40:/home/kvv/workspace/k-car/autopilot/inc/CMSIS/core_cmInstr.h **** 
  41:/home/kvv/workspace/k-car/autopilot/inc/CMSIS/core_cmInstr.h **** 
  42:/home/kvv/workspace/k-car/autopilot/inc/CMSIS/core_cmInstr.h **** /** \brief  No Operation
  43:/home/kvv/workspace/k-car/autopilot/inc/CMSIS/core_cmInstr.h **** 
  44:/home/kvv/workspace/k-car/autopilot/inc/CMSIS/core_cmInstr.h ****     No Operation does nothing. This instruction can be used for code alignment purposes.
  45:/home/kvv/workspace/k-car/autopilot/inc/CMSIS/core_cmInstr.h ****  */
  46:/home/kvv/workspace/k-car/autopilot/inc/CMSIS/core_cmInstr.h **** #define __NOP                             __nop
  47:/home/kvv/workspace/k-car/autopilot/inc/CMSIS/core_cmInstr.h **** 
  48:/home/kvv/workspace/k-car/autopilot/inc/CMSIS/core_cmInstr.h **** 
  49:/home/kvv/workspace/k-car/autopilot/inc/CMSIS/core_cmInstr.h **** /** \brief  Wait For Interrupt
  50:/home/kvv/workspace/k-car/autopilot/inc/CMSIS/core_cmInstr.h **** 
  51:/home/kvv/workspace/k-car/autopilot/inc/CMSIS/core_cmInstr.h ****     Wait For Interrupt is a hint instruction that suspends execution
  52:/home/kvv/workspace/k-car/autopilot/inc/CMSIS/core_cmInstr.h ****     until one of a number of events occurs.
  53:/home/kvv/workspace/k-car/autopilot/inc/CMSIS/core_cmInstr.h ****  */
  54:/home/kvv/workspace/k-car/autopilot/inc/CMSIS/core_cmInstr.h **** #define __WFI                             __wfi
  55:/home/kvv/workspace/k-car/autopilot/inc/CMSIS/core_cmInstr.h **** 
  56:/home/kvv/workspace/k-car/autopilot/inc/CMSIS/core_cmInstr.h **** 
  57:/home/kvv/workspace/k-car/autopilot/inc/CMSIS/core_cmInstr.h **** /** \brief  Wait For Event
  58:/home/kvv/workspace/k-car/autopilot/inc/CMSIS/core_cmInstr.h **** 
  59:/home/kvv/workspace/k-car/autopilot/inc/CMSIS/core_cmInstr.h ****     Wait For Event is a hint instruction that permits the processor to enter
  60:/home/kvv/workspace/k-car/autopilot/inc/CMSIS/core_cmInstr.h ****     a low-power state until one of a number of events occurs.
  61:/home/kvv/workspace/k-car/autopilot/inc/CMSIS/core_cmInstr.h ****  */
  62:/home/kvv/workspace/k-car/autopilot/inc/CMSIS/core_cmInstr.h **** #define __WFE                             __wfe
  63:/home/kvv/workspace/k-car/autopilot/inc/CMSIS/core_cmInstr.h **** 
  64:/home/kvv/workspace/k-car/autopilot/inc/CMSIS/core_cmInstr.h **** 
  65:/home/kvv/workspace/k-car/autopilot/inc/CMSIS/core_cmInstr.h **** /** \brief  Send Event
  66:/home/kvv/workspace/k-car/autopilot/inc/CMSIS/core_cmInstr.h **** 
  67:/home/kvv/workspace/k-car/autopilot/inc/CMSIS/core_cmInstr.h ****     Send Event is a hint instruction. It causes an event to be signaled to the CPU.
  68:/home/kvv/workspace/k-car/autopilot/inc/CMSIS/core_cmInstr.h ****  */
  69:/home/kvv/workspace/k-car/autopilot/inc/CMSIS/core_cmInstr.h **** #define __SEV                             __sev
  70:/home/kvv/workspace/k-car/autopilot/inc/CMSIS/core_cmInstr.h **** 
  71:/home/kvv/workspace/k-car/autopilot/inc/CMSIS/core_cmInstr.h **** 
  72:/home/kvv/workspace/k-car/autopilot/inc/CMSIS/core_cmInstr.h **** /** \brief  Instruction Synchronization Barrier
  73:/home/kvv/workspace/k-car/autopilot/inc/CMSIS/core_cmInstr.h **** 
  74:/home/kvv/workspace/k-car/autopilot/inc/CMSIS/core_cmInstr.h ****     Instruction Synchronization Barrier flushes the pipeline in the processor, 
  75:/home/kvv/workspace/k-car/autopilot/inc/CMSIS/core_cmInstr.h ****     so that all instructions following the ISB are fetched from cache or 
  76:/home/kvv/workspace/k-car/autopilot/inc/CMSIS/core_cmInstr.h ****     memory, after the instruction has been completed.
  77:/home/kvv/workspace/k-car/autopilot/inc/CMSIS/core_cmInstr.h ****  */
  78:/home/kvv/workspace/k-car/autopilot/inc/CMSIS/core_cmInstr.h **** #define __ISB()                           __isb(0xF)
  79:/home/kvv/workspace/k-car/autopilot/inc/CMSIS/core_cmInstr.h **** 
  80:/home/kvv/workspace/k-car/autopilot/inc/CMSIS/core_cmInstr.h **** 
  81:/home/kvv/workspace/k-car/autopilot/inc/CMSIS/core_cmInstr.h **** /** \brief  Data Synchronization Barrier
  82:/home/kvv/workspace/k-car/autopilot/inc/CMSIS/core_cmInstr.h **** 
  83:/home/kvv/workspace/k-car/autopilot/inc/CMSIS/core_cmInstr.h ****     This function acts as a special kind of Data Memory Barrier. 
  84:/home/kvv/workspace/k-car/autopilot/inc/CMSIS/core_cmInstr.h ****     It completes when all explicit memory accesses before this instruction complete.
  85:/home/kvv/workspace/k-car/autopilot/inc/CMSIS/core_cmInstr.h ****  */
  86:/home/kvv/workspace/k-car/autopilot/inc/CMSIS/core_cmInstr.h **** #define __DSB()                           __dsb(0xF)
  87:/home/kvv/workspace/k-car/autopilot/inc/CMSIS/core_cmInstr.h **** 
  88:/home/kvv/workspace/k-car/autopilot/inc/CMSIS/core_cmInstr.h **** 
  89:/home/kvv/workspace/k-car/autopilot/inc/CMSIS/core_cmInstr.h **** /** \brief  Data Memory Barrier
  90:/home/kvv/workspace/k-car/autopilot/inc/CMSIS/core_cmInstr.h **** 
  91:/home/kvv/workspace/k-car/autopilot/inc/CMSIS/core_cmInstr.h ****     This function ensures the apparent order of the explicit memory operations before 
  92:/home/kvv/workspace/k-car/autopilot/inc/CMSIS/core_cmInstr.h ****     and after the instruction, without ensuring their completion.
  93:/home/kvv/workspace/k-car/autopilot/inc/CMSIS/core_cmInstr.h ****  */
  94:/home/kvv/workspace/k-car/autopilot/inc/CMSIS/core_cmInstr.h **** #define __DMB()                           __dmb(0xF)
  95:/home/kvv/workspace/k-car/autopilot/inc/CMSIS/core_cmInstr.h **** 
  96:/home/kvv/workspace/k-car/autopilot/inc/CMSIS/core_cmInstr.h **** 
  97:/home/kvv/workspace/k-car/autopilot/inc/CMSIS/core_cmInstr.h **** /** \brief  Reverse byte order (32 bit)
  98:/home/kvv/workspace/k-car/autopilot/inc/CMSIS/core_cmInstr.h **** 
  99:/home/kvv/workspace/k-car/autopilot/inc/CMSIS/core_cmInstr.h ****     This function reverses the byte order in integer value.
 100:/home/kvv/workspace/k-car/autopilot/inc/CMSIS/core_cmInstr.h **** 
 101:/home/kvv/workspace/k-car/autopilot/inc/CMSIS/core_cmInstr.h ****     \param [in]    value  Value to reverse
 102:/home/kvv/workspace/k-car/autopilot/inc/CMSIS/core_cmInstr.h ****     \return               Reversed value
 103:/home/kvv/workspace/k-car/autopilot/inc/CMSIS/core_cmInstr.h ****  */
 104:/home/kvv/workspace/k-car/autopilot/inc/CMSIS/core_cmInstr.h **** #define __REV                             __rev
 105:/home/kvv/workspace/k-car/autopilot/inc/CMSIS/core_cmInstr.h **** 
 106:/home/kvv/workspace/k-car/autopilot/inc/CMSIS/core_cmInstr.h **** 
 107:/home/kvv/workspace/k-car/autopilot/inc/CMSIS/core_cmInstr.h **** /** \brief  Reverse byte order (16 bit)
 108:/home/kvv/workspace/k-car/autopilot/inc/CMSIS/core_cmInstr.h **** 
 109:/home/kvv/workspace/k-car/autopilot/inc/CMSIS/core_cmInstr.h ****     This function reverses the byte order in two unsigned short values.
 110:/home/kvv/workspace/k-car/autopilot/inc/CMSIS/core_cmInstr.h **** 
 111:/home/kvv/workspace/k-car/autopilot/inc/CMSIS/core_cmInstr.h ****     \param [in]    value  Value to reverse
 112:/home/kvv/workspace/k-car/autopilot/inc/CMSIS/core_cmInstr.h ****     \return               Reversed value
 113:/home/kvv/workspace/k-car/autopilot/inc/CMSIS/core_cmInstr.h ****  */
 114:/home/kvv/workspace/k-car/autopilot/inc/CMSIS/core_cmInstr.h **** static __INLINE __ASM uint32_t __REV16(uint32_t value)
 115:/home/kvv/workspace/k-car/autopilot/inc/CMSIS/core_cmInstr.h **** {
 116:/home/kvv/workspace/k-car/autopilot/inc/CMSIS/core_cmInstr.h ****   rev16 r0, r0
 117:/home/kvv/workspace/k-car/autopilot/inc/CMSIS/core_cmInstr.h ****   bx lr
 118:/home/kvv/workspace/k-car/autopilot/inc/CMSIS/core_cmInstr.h **** }
 119:/home/kvv/workspace/k-car/autopilot/inc/CMSIS/core_cmInstr.h **** 
 120:/home/kvv/workspace/k-car/autopilot/inc/CMSIS/core_cmInstr.h **** 
 121:/home/kvv/workspace/k-car/autopilot/inc/CMSIS/core_cmInstr.h **** /** \brief  Reverse byte order in signed short value
 122:/home/kvv/workspace/k-car/autopilot/inc/CMSIS/core_cmInstr.h **** 
 123:/home/kvv/workspace/k-car/autopilot/inc/CMSIS/core_cmInstr.h ****     This function reverses the byte order in a signed short value with sign extension to integer.
 124:/home/kvv/workspace/k-car/autopilot/inc/CMSIS/core_cmInstr.h **** 
 125:/home/kvv/workspace/k-car/autopilot/inc/CMSIS/core_cmInstr.h ****     \param [in]    value  Value to reverse
 126:/home/kvv/workspace/k-car/autopilot/inc/CMSIS/core_cmInstr.h ****     \return               Reversed value
 127:/home/kvv/workspace/k-car/autopilot/inc/CMSIS/core_cmInstr.h ****  */
 128:/home/kvv/workspace/k-car/autopilot/inc/CMSIS/core_cmInstr.h **** static __INLINE __ASM int32_t __REVSH(int32_t value)
 129:/home/kvv/workspace/k-car/autopilot/inc/CMSIS/core_cmInstr.h **** {
 130:/home/kvv/workspace/k-car/autopilot/inc/CMSIS/core_cmInstr.h ****   revsh r0, r0
 131:/home/kvv/workspace/k-car/autopilot/inc/CMSIS/core_cmInstr.h ****   bx lr
 132:/home/kvv/workspace/k-car/autopilot/inc/CMSIS/core_cmInstr.h **** }
 133:/home/kvv/workspace/k-car/autopilot/inc/CMSIS/core_cmInstr.h **** 
 134:/home/kvv/workspace/k-car/autopilot/inc/CMSIS/core_cmInstr.h **** 
 135:/home/kvv/workspace/k-car/autopilot/inc/CMSIS/core_cmInstr.h **** #if       (__CORTEX_M >= 0x03)
 136:/home/kvv/workspace/k-car/autopilot/inc/CMSIS/core_cmInstr.h **** 
 137:/home/kvv/workspace/k-car/autopilot/inc/CMSIS/core_cmInstr.h **** /** \brief  Reverse bit order of value
 138:/home/kvv/workspace/k-car/autopilot/inc/CMSIS/core_cmInstr.h **** 
 139:/home/kvv/workspace/k-car/autopilot/inc/CMSIS/core_cmInstr.h ****     This function reverses the bit order of the given value.
 140:/home/kvv/workspace/k-car/autopilot/inc/CMSIS/core_cmInstr.h **** 
 141:/home/kvv/workspace/k-car/autopilot/inc/CMSIS/core_cmInstr.h ****     \param [in]    value  Value to reverse
 142:/home/kvv/workspace/k-car/autopilot/inc/CMSIS/core_cmInstr.h ****     \return               Reversed value
 143:/home/kvv/workspace/k-car/autopilot/inc/CMSIS/core_cmInstr.h ****  */
 144:/home/kvv/workspace/k-car/autopilot/inc/CMSIS/core_cmInstr.h **** #define __RBIT                            __rbit
 145:/home/kvv/workspace/k-car/autopilot/inc/CMSIS/core_cmInstr.h **** 
 146:/home/kvv/workspace/k-car/autopilot/inc/CMSIS/core_cmInstr.h **** 
 147:/home/kvv/workspace/k-car/autopilot/inc/CMSIS/core_cmInstr.h **** /** \brief  LDR Exclusive (8 bit)
 148:/home/kvv/workspace/k-car/autopilot/inc/CMSIS/core_cmInstr.h **** 
 149:/home/kvv/workspace/k-car/autopilot/inc/CMSIS/core_cmInstr.h ****     This function performs a exclusive LDR command for 8 bit value.
 150:/home/kvv/workspace/k-car/autopilot/inc/CMSIS/core_cmInstr.h **** 
 151:/home/kvv/workspace/k-car/autopilot/inc/CMSIS/core_cmInstr.h ****     \param [in]    ptr  Pointer to data
 152:/home/kvv/workspace/k-car/autopilot/inc/CMSIS/core_cmInstr.h ****     \return             value of type uint8_t at (*ptr)
 153:/home/kvv/workspace/k-car/autopilot/inc/CMSIS/core_cmInstr.h ****  */
 154:/home/kvv/workspace/k-car/autopilot/inc/CMSIS/core_cmInstr.h **** #define __LDREXB(ptr)                     ((uint8_t ) __ldrex(ptr))
 155:/home/kvv/workspace/k-car/autopilot/inc/CMSIS/core_cmInstr.h **** 
 156:/home/kvv/workspace/k-car/autopilot/inc/CMSIS/core_cmInstr.h **** 
 157:/home/kvv/workspace/k-car/autopilot/inc/CMSIS/core_cmInstr.h **** /** \brief  LDR Exclusive (16 bit)
 158:/home/kvv/workspace/k-car/autopilot/inc/CMSIS/core_cmInstr.h **** 
 159:/home/kvv/workspace/k-car/autopilot/inc/CMSIS/core_cmInstr.h ****     This function performs a exclusive LDR command for 16 bit values.
 160:/home/kvv/workspace/k-car/autopilot/inc/CMSIS/core_cmInstr.h **** 
 161:/home/kvv/workspace/k-car/autopilot/inc/CMSIS/core_cmInstr.h ****     \param [in]    ptr  Pointer to data
 162:/home/kvv/workspace/k-car/autopilot/inc/CMSIS/core_cmInstr.h ****     \return        value of type uint16_t at (*ptr)
 163:/home/kvv/workspace/k-car/autopilot/inc/CMSIS/core_cmInstr.h ****  */
 164:/home/kvv/workspace/k-car/autopilot/inc/CMSIS/core_cmInstr.h **** #define __LDREXH(ptr)                     ((uint16_t) __ldrex(ptr))
 165:/home/kvv/workspace/k-car/autopilot/inc/CMSIS/core_cmInstr.h **** 
 166:/home/kvv/workspace/k-car/autopilot/inc/CMSIS/core_cmInstr.h **** 
 167:/home/kvv/workspace/k-car/autopilot/inc/CMSIS/core_cmInstr.h **** /** \brief  LDR Exclusive (32 bit)
 168:/home/kvv/workspace/k-car/autopilot/inc/CMSIS/core_cmInstr.h **** 
 169:/home/kvv/workspace/k-car/autopilot/inc/CMSIS/core_cmInstr.h ****     This function performs a exclusive LDR command for 32 bit values.
 170:/home/kvv/workspace/k-car/autopilot/inc/CMSIS/core_cmInstr.h **** 
 171:/home/kvv/workspace/k-car/autopilot/inc/CMSIS/core_cmInstr.h ****     \param [in]    ptr  Pointer to data
 172:/home/kvv/workspace/k-car/autopilot/inc/CMSIS/core_cmInstr.h ****     \return        value of type uint32_t at (*ptr)
 173:/home/kvv/workspace/k-car/autopilot/inc/CMSIS/core_cmInstr.h ****  */
 174:/home/kvv/workspace/k-car/autopilot/inc/CMSIS/core_cmInstr.h **** #define __LDREXW(ptr)                     ((uint32_t ) __ldrex(ptr))
 175:/home/kvv/workspace/k-car/autopilot/inc/CMSIS/core_cmInstr.h **** 
 176:/home/kvv/workspace/k-car/autopilot/inc/CMSIS/core_cmInstr.h **** 
 177:/home/kvv/workspace/k-car/autopilot/inc/CMSIS/core_cmInstr.h **** /** \brief  STR Exclusive (8 bit)
 178:/home/kvv/workspace/k-car/autopilot/inc/CMSIS/core_cmInstr.h **** 
 179:/home/kvv/workspace/k-car/autopilot/inc/CMSIS/core_cmInstr.h ****     This function performs a exclusive STR command for 8 bit values.
 180:/home/kvv/workspace/k-car/autopilot/inc/CMSIS/core_cmInstr.h **** 
 181:/home/kvv/workspace/k-car/autopilot/inc/CMSIS/core_cmInstr.h ****     \param [in]  value  Value to store
 182:/home/kvv/workspace/k-car/autopilot/inc/CMSIS/core_cmInstr.h ****     \param [in]    ptr  Pointer to location
 183:/home/kvv/workspace/k-car/autopilot/inc/CMSIS/core_cmInstr.h ****     \return          0  Function succeeded
 184:/home/kvv/workspace/k-car/autopilot/inc/CMSIS/core_cmInstr.h ****     \return          1  Function failed
 185:/home/kvv/workspace/k-car/autopilot/inc/CMSIS/core_cmInstr.h ****  */
 186:/home/kvv/workspace/k-car/autopilot/inc/CMSIS/core_cmInstr.h **** #define __STREXB(value, ptr)              __strex(value, ptr)
 187:/home/kvv/workspace/k-car/autopilot/inc/CMSIS/core_cmInstr.h **** 
 188:/home/kvv/workspace/k-car/autopilot/inc/CMSIS/core_cmInstr.h **** 
 189:/home/kvv/workspace/k-car/autopilot/inc/CMSIS/core_cmInstr.h **** /** \brief  STR Exclusive (16 bit)
 190:/home/kvv/workspace/k-car/autopilot/inc/CMSIS/core_cmInstr.h **** 
 191:/home/kvv/workspace/k-car/autopilot/inc/CMSIS/core_cmInstr.h ****     This function performs a exclusive STR command for 16 bit values.
 192:/home/kvv/workspace/k-car/autopilot/inc/CMSIS/core_cmInstr.h **** 
 193:/home/kvv/workspace/k-car/autopilot/inc/CMSIS/core_cmInstr.h ****     \param [in]  value  Value to store
 194:/home/kvv/workspace/k-car/autopilot/inc/CMSIS/core_cmInstr.h ****     \param [in]    ptr  Pointer to location
 195:/home/kvv/workspace/k-car/autopilot/inc/CMSIS/core_cmInstr.h ****     \return          0  Function succeeded
 196:/home/kvv/workspace/k-car/autopilot/inc/CMSIS/core_cmInstr.h ****     \return          1  Function failed
 197:/home/kvv/workspace/k-car/autopilot/inc/CMSIS/core_cmInstr.h ****  */
 198:/home/kvv/workspace/k-car/autopilot/inc/CMSIS/core_cmInstr.h **** #define __STREXH(value, ptr)              __strex(value, ptr)
 199:/home/kvv/workspace/k-car/autopilot/inc/CMSIS/core_cmInstr.h **** 
 200:/home/kvv/workspace/k-car/autopilot/inc/CMSIS/core_cmInstr.h **** 
 201:/home/kvv/workspace/k-car/autopilot/inc/CMSIS/core_cmInstr.h **** /** \brief  STR Exclusive (32 bit)
 202:/home/kvv/workspace/k-car/autopilot/inc/CMSIS/core_cmInstr.h **** 
 203:/home/kvv/workspace/k-car/autopilot/inc/CMSIS/core_cmInstr.h ****     This function performs a exclusive STR command for 32 bit values.
 204:/home/kvv/workspace/k-car/autopilot/inc/CMSIS/core_cmInstr.h **** 
 205:/home/kvv/workspace/k-car/autopilot/inc/CMSIS/core_cmInstr.h ****     \param [in]  value  Value to store
 206:/home/kvv/workspace/k-car/autopilot/inc/CMSIS/core_cmInstr.h ****     \param [in]    ptr  Pointer to location
 207:/home/kvv/workspace/k-car/autopilot/inc/CMSIS/core_cmInstr.h ****     \return          0  Function succeeded
 208:/home/kvv/workspace/k-car/autopilot/inc/CMSIS/core_cmInstr.h ****     \return          1  Function failed
 209:/home/kvv/workspace/k-car/autopilot/inc/CMSIS/core_cmInstr.h ****  */
 210:/home/kvv/workspace/k-car/autopilot/inc/CMSIS/core_cmInstr.h **** #define __STREXW(value, ptr)              __strex(value, ptr)
 211:/home/kvv/workspace/k-car/autopilot/inc/CMSIS/core_cmInstr.h **** 
 212:/home/kvv/workspace/k-car/autopilot/inc/CMSIS/core_cmInstr.h **** 
 213:/home/kvv/workspace/k-car/autopilot/inc/CMSIS/core_cmInstr.h **** /** \brief  Remove the exclusive lock
 214:/home/kvv/workspace/k-car/autopilot/inc/CMSIS/core_cmInstr.h **** 
 215:/home/kvv/workspace/k-car/autopilot/inc/CMSIS/core_cmInstr.h ****     This function removes the exclusive lock which is created by LDREX.
 216:/home/kvv/workspace/k-car/autopilot/inc/CMSIS/core_cmInstr.h **** 
 217:/home/kvv/workspace/k-car/autopilot/inc/CMSIS/core_cmInstr.h ****  */
 218:/home/kvv/workspace/k-car/autopilot/inc/CMSIS/core_cmInstr.h **** #define __CLREX                           __clrex
 219:/home/kvv/workspace/k-car/autopilot/inc/CMSIS/core_cmInstr.h **** 
 220:/home/kvv/workspace/k-car/autopilot/inc/CMSIS/core_cmInstr.h **** 
 221:/home/kvv/workspace/k-car/autopilot/inc/CMSIS/core_cmInstr.h **** /** \brief  Signed Saturate
 222:/home/kvv/workspace/k-car/autopilot/inc/CMSIS/core_cmInstr.h **** 
 223:/home/kvv/workspace/k-car/autopilot/inc/CMSIS/core_cmInstr.h ****     This function saturates a signed value.
 224:/home/kvv/workspace/k-car/autopilot/inc/CMSIS/core_cmInstr.h **** 
 225:/home/kvv/workspace/k-car/autopilot/inc/CMSIS/core_cmInstr.h ****     \param [in]  value  Value to be saturated
 226:/home/kvv/workspace/k-car/autopilot/inc/CMSIS/core_cmInstr.h ****     \param [in]    sat  Bit position to saturate to (1..32)
 227:/home/kvv/workspace/k-car/autopilot/inc/CMSIS/core_cmInstr.h ****     \return             Saturated value
 228:/home/kvv/workspace/k-car/autopilot/inc/CMSIS/core_cmInstr.h ****  */
 229:/home/kvv/workspace/k-car/autopilot/inc/CMSIS/core_cmInstr.h **** #define __SSAT                            __ssat
 230:/home/kvv/workspace/k-car/autopilot/inc/CMSIS/core_cmInstr.h **** 
 231:/home/kvv/workspace/k-car/autopilot/inc/CMSIS/core_cmInstr.h **** 
 232:/home/kvv/workspace/k-car/autopilot/inc/CMSIS/core_cmInstr.h **** /** \brief  Unsigned Saturate
 233:/home/kvv/workspace/k-car/autopilot/inc/CMSIS/core_cmInstr.h **** 
 234:/home/kvv/workspace/k-car/autopilot/inc/CMSIS/core_cmInstr.h ****     This function saturates an unsigned value.
 235:/home/kvv/workspace/k-car/autopilot/inc/CMSIS/core_cmInstr.h **** 
 236:/home/kvv/workspace/k-car/autopilot/inc/CMSIS/core_cmInstr.h ****     \param [in]  value  Value to be saturated
 237:/home/kvv/workspace/k-car/autopilot/inc/CMSIS/core_cmInstr.h ****     \param [in]    sat  Bit position to saturate to (0..31)
 238:/home/kvv/workspace/k-car/autopilot/inc/CMSIS/core_cmInstr.h ****     \return             Saturated value
 239:/home/kvv/workspace/k-car/autopilot/inc/CMSIS/core_cmInstr.h ****  */
 240:/home/kvv/workspace/k-car/autopilot/inc/CMSIS/core_cmInstr.h **** #define __USAT                            __usat
 241:/home/kvv/workspace/k-car/autopilot/inc/CMSIS/core_cmInstr.h **** 
 242:/home/kvv/workspace/k-car/autopilot/inc/CMSIS/core_cmInstr.h **** 
 243:/home/kvv/workspace/k-car/autopilot/inc/CMSIS/core_cmInstr.h **** /** \brief  Count leading zeros
 244:/home/kvv/workspace/k-car/autopilot/inc/CMSIS/core_cmInstr.h **** 
 245:/home/kvv/workspace/k-car/autopilot/inc/CMSIS/core_cmInstr.h ****     This function counts the number of leading zeros of a data value.
 246:/home/kvv/workspace/k-car/autopilot/inc/CMSIS/core_cmInstr.h **** 
 247:/home/kvv/workspace/k-car/autopilot/inc/CMSIS/core_cmInstr.h ****     \param [in]  value  Value to count the leading zeros
 248:/home/kvv/workspace/k-car/autopilot/inc/CMSIS/core_cmInstr.h ****     \return             number of leading zeros in value
 249:/home/kvv/workspace/k-car/autopilot/inc/CMSIS/core_cmInstr.h ****  */
 250:/home/kvv/workspace/k-car/autopilot/inc/CMSIS/core_cmInstr.h **** #define __CLZ                             __clz 
 251:/home/kvv/workspace/k-car/autopilot/inc/CMSIS/core_cmInstr.h **** 
 252:/home/kvv/workspace/k-car/autopilot/inc/CMSIS/core_cmInstr.h **** #endif /* (__CORTEX_M >= 0x03) */
 253:/home/kvv/workspace/k-car/autopilot/inc/CMSIS/core_cmInstr.h **** 
 254:/home/kvv/workspace/k-car/autopilot/inc/CMSIS/core_cmInstr.h **** 
 255:/home/kvv/workspace/k-car/autopilot/inc/CMSIS/core_cmInstr.h **** 
 256:/home/kvv/workspace/k-car/autopilot/inc/CMSIS/core_cmInstr.h **** #elif defined ( __ICCARM__ ) /*------------------ ICC Compiler -------------------*/
 257:/home/kvv/workspace/k-car/autopilot/inc/CMSIS/core_cmInstr.h **** /* IAR iccarm specific functions */
 258:/home/kvv/workspace/k-car/autopilot/inc/CMSIS/core_cmInstr.h **** 
 259:/home/kvv/workspace/k-car/autopilot/inc/CMSIS/core_cmInstr.h **** #include <cmsis_iar.h>
 260:/home/kvv/workspace/k-car/autopilot/inc/CMSIS/core_cmInstr.h **** 
 261:/home/kvv/workspace/k-car/autopilot/inc/CMSIS/core_cmInstr.h **** 
 262:/home/kvv/workspace/k-car/autopilot/inc/CMSIS/core_cmInstr.h **** #elif defined ( __GNUC__ ) /*------------------ GNU Compiler ---------------------*/
 263:/home/kvv/workspace/k-car/autopilot/inc/CMSIS/core_cmInstr.h **** /* GNU gcc specific functions */
 264:/home/kvv/workspace/k-car/autopilot/inc/CMSIS/core_cmInstr.h **** 
 265:/home/kvv/workspace/k-car/autopilot/inc/CMSIS/core_cmInstr.h **** /** \brief  No Operation
 266:/home/kvv/workspace/k-car/autopilot/inc/CMSIS/core_cmInstr.h **** 
 267:/home/kvv/workspace/k-car/autopilot/inc/CMSIS/core_cmInstr.h ****     No Operation does nothing. This instruction can be used for code alignment purposes.
 268:/home/kvv/workspace/k-car/autopilot/inc/CMSIS/core_cmInstr.h ****  */
 269:/home/kvv/workspace/k-car/autopilot/inc/CMSIS/core_cmInstr.h **** __attribute__( ( always_inline ) ) static __INLINE void __NOP(void)
 270:/home/kvv/workspace/k-car/autopilot/inc/CMSIS/core_cmInstr.h **** {
 271:/home/kvv/workspace/k-car/autopilot/inc/CMSIS/core_cmInstr.h ****   __ASM volatile ("nop");
 25660              		.loc 7 271 0
 25661              	@ 271 "/home/kvv/workspace/k-car/autopilot/inc/CMSIS/core_cmInstr.h" 1
 25662 0014 00BF     		nop
 25663              	@ 0 "" 2
 25664              		.thumb
 25665              	.L7:
 25666              	.LBE5:
 25667              	.LBE4:
 25668              		.loc 1 79 0 discriminator 1
 25669 0016 7A68     		ldr	r2, [r7, #4]
 25670 0018 044B     		ldr	r3, .L9
 25671 001a 1B68     		ldr	r3, [r3, #0]
 25672 001c 9A42     		cmp	r2, r3
 25673 001e F9D8     		bhi	.L8
  80:../src/main.c ****         __NOP();
  81:../src/main.c ****     }
  82:../src/main.c **** }
 25674              		.loc 1 82 0
 25675 0020 07F10C07 		add	r7, r7, #12
 25676 0024 BD46     		mov	sp, r7
 25677 0026 80BC     		pop	{r7}
 25678 0028 7047     		bx	lr
 25679              	.L10:
 25680 002a 00BF     		.align	2
 25681              	.L9:
 25682 002c 00000000 		.word	SysTime
 25683              		.cfi_endproc
 25684              	.LFE111:
 25686              		.section	.text.sendData,"ax",%progbits
 25687              		.align	2
 25688              		.thumb
 25689              		.thumb_func
 25691              	sendData:
 25692              	.LFB112:
  83:../src/main.c **** 
  84:../src/main.c **** static void sendData(void) {
 25693              		.loc 1 84 0
 25694              		.cfi_startproc
 25695              		@ args = 0, pretend = 0, frame = 80
 25696              		@ frame_needed = 1, uses_anonymous_args = 0
 25697 0000 80B5     		push	{r7, lr}
 25698              	.LCFI6:
 25699              		.cfi_def_cfa_offset 8
 25700 0002 94B0     		sub	sp, sp, #80
 25701              	.LCFI7:
 25702              		.cfi_def_cfa_offset 88
 25703 0004 00AF     		add	r7, sp, #0
 25704              		.cfi_offset 14, -4
 25705              		.cfi_offset 7, -8
 25706              	.LCFI8:
 25707              		.cfi_def_cfa_register 7
  85:../src/main.c ****     uint8_t buf[PROTOCOL_MAX_LEN];
  86:../src/main.c ****     uint8_t status;
  87:../src/main.c ****     int8_t acc;
  88:../src/main.c ****     PROTOCOL_Protocol p;
  89:../src/main.c **** 
  90:../src/main.c ****     p.num = 2;
 25708              		.loc 1 90 0
 25709 0006 4FF00203 		mov	r3, #2
 25710 000a 7B60     		str	r3, [r7, #4]
  91:../src/main.c ****     p.framesLen = 0;
 25711              		.loc 1 91 0
 25712 000c 4FF00003 		mov	r3, #0
 25713 0010 3B60     		str	r3, [r7, #0]
  92:../src/main.c **** 
  93:../src/main.c ****     LIS302DL_getSatus(&status);
 25714              		.loc 1 93 0
 25715 0012 07F12B03 		add	r3, r7, #43
 25716 0016 1846     		mov	r0, r3
 25717 0018 FFF7FEFF 		bl	LIS302DL_getSatus
  94:../src/main.c **** 
  95:../src/main.c ****     if ( status & 0x01) {
 25718              		.loc 1 95 0
 25719 001c 97F82B30 		ldrb	r3, [r7, #43]	@ zero_extendqisi2
 25720 0020 03F00103 		and	r3, r3, #1
 25721 0024 DBB2     		uxtb	r3, r3
 25722 0026 002B     		cmp	r3, #0
 25723 0028 12D0     		beq	.L12
  96:../src/main.c ****         LIS302DL_ReadACCX(&acc);
 25724              		.loc 1 96 0
 25725 002a 07F12A03 		add	r3, r7, #42
 25726 002e 1846     		mov	r0, r3
 25727 0030 FFF7FEFF 		bl	LIS302DL_ReadACCX
  97:../src/main.c ****         p.frames[0].cmd = PROTOCOL_ANGEL_X;
 25728              		.loc 1 97 0
 25729 0034 4FF00503 		mov	r3, #5
 25730 0038 3B72     		strb	r3, [r7, #8]
  98:../src/main.c ****         p.frames[0].type = PROTOCOL_TYPE_BYTE;
 25731              		.loc 1 98 0
 25732 003a 4FF00103 		mov	r3, #1
 25733 003e 7B72     		strb	r3, [r7, #9]
  99:../src/main.c ****         p.frames[0].bData = acc;
 25734              		.loc 1 99 0
 25735 0040 97F82A30 		ldrb	r3, [r7, #42]	@ zero_extendqisi2
 25736 0044 DBB2     		uxtb	r3, r3
 25737 0046 BB72     		strb	r3, [r7, #10]
 100:../src/main.c ****         p.framesLen++;
 25738              		.loc 1 100 0
 25739 0048 3B68     		ldr	r3, [r7, #0]
 25740 004a 03F10103 		add	r3, r3, #1
 25741 004e 3B60     		str	r3, [r7, #0]
 25742              	.L12:
 101:../src/main.c ****     }
 102:../src/main.c ****     if ( status & 0x02) {
 25743              		.loc 1 102 0
 25744 0050 97F82B30 		ldrb	r3, [r7, #43]	@ zero_extendqisi2
 25745 0054 03F00203 		and	r3, r3, #2
 25746 0058 002B     		cmp	r3, #0
 25747 005a 12D0     		beq	.L13
 103:../src/main.c ****         LIS302DL_ReadACCY(&acc);
 25748              		.loc 1 103 0
 25749 005c 07F12A03 		add	r3, r7, #42
 25750 0060 1846     		mov	r0, r3
 25751 0062 FFF7FEFF 		bl	LIS302DL_ReadACCY
 104:../src/main.c ****         p.frames[1].cmd = PROTOCOL_ANGEL_Y;
 25752              		.loc 1 104 0
 25753 0066 4FF00603 		mov	r3, #6
 25754 006a 3B74     		strb	r3, [r7, #16]
 105:../src/main.c ****         p.frames[1].type = PROTOCOL_TYPE_BYTE;
 25755              		.loc 1 105 0
 25756 006c 4FF00103 		mov	r3, #1
 25757 0070 7B74     		strb	r3, [r7, #17]
 106:../src/main.c ****         p.frames[1].bData = acc;
 25758              		.loc 1 106 0
 25759 0072 97F82A30 		ldrb	r3, [r7, #42]	@ zero_extendqisi2
 25760 0076 DBB2     		uxtb	r3, r3
 25761 0078 BB74     		strb	r3, [r7, #18]
 107:../src/main.c ****         p.framesLen++;
 25762              		.loc 1 107 0
 25763 007a 3B68     		ldr	r3, [r7, #0]
 25764 007c 03F10103 		add	r3, r3, #1
 25765 0080 3B60     		str	r3, [r7, #0]
 25766              	.L13:
 108:../src/main.c ****     }
 109:../src/main.c **** 
 110:../src/main.c ****     if (p.framesLen > 0) {
 25767              		.loc 1 110 0
 25768 0082 3B68     		ldr	r3, [r7, #0]
 25769 0084 002B     		cmp	r3, #0
 25770 0086 0ED0     		beq	.L11
 25771              	.LBB6:
 111:../src/main.c ****         uint32_t len = PROTOCOL_toByteArray(&p, buf);
 25772              		.loc 1 111 0
 25773 0088 3A46     		mov	r2, r7
 25774 008a 07F12C03 		add	r3, r7, #44
 25775 008e 1046     		mov	r0, r2
 25776 0090 1946     		mov	r1, r3
 25777 0092 FFF7FEFF 		bl	PROTOCOL_toByteArray
 25778 0096 F864     		str	r0, [r7, #76]
 112:../src/main.c ****         APP_FOPS.pIf_DataTx(buf, len);
 25779              		.loc 1 112 0
 25780 0098 054B     		ldr	r3, .L15
 25781 009a DB68     		ldr	r3, [r3, #12]
 25782 009c 07F12C02 		add	r2, r7, #44
 25783 00a0 1046     		mov	r0, r2
 25784 00a2 F96C     		ldr	r1, [r7, #76]
 25785 00a4 9847     		blx	r3
 25786              	.L11:
 25787              	.LBE6:
 113:../src/main.c ****     }
 114:../src/main.c **** }
 25788              		.loc 1 114 0
 25789 00a6 07F15007 		add	r7, r7, #80
 25790 00aa BD46     		mov	sp, r7
 25791 00ac 80BD     		pop	{r7, pc}
 25792              	.L16:
 25793 00ae 00BF     		.align	2
 25794              	.L15:
 25795 00b0 00000000 		.word	VCP_fops
 25796              		.cfi_endproc
 25797              	.LFE112:
 25799              		.section	.text.getData,"ax",%progbits
 25800              		.align	2
 25801              		.thumb
 25802              		.thumb_func
 25804              	getData:
 25805              	.LFB113:
 115:../src/main.c **** 
 116:../src/main.c **** static void getData(void) {
 25806              		.loc 1 116 0
 25807              		.cfi_startproc
 25808              		@ args = 0, pretend = 0, frame = 48
 25809              		@ frame_needed = 1, uses_anonymous_args = 0
 25810 0000 80B5     		push	{r7, lr}
 25811              	.LCFI9:
 25812              		.cfi_def_cfa_offset 8
 25813 0002 8CB0     		sub	sp, sp, #48
 25814              	.LCFI10:
 25815              		.cfi_def_cfa_offset 56
 25816 0004 00AF     		add	r7, sp, #0
 25817              		.cfi_offset 14, -4
 25818              		.cfi_offset 7, -8
 25819              	.LCFI11:
 25820              		.cfi_def_cfa_register 7
 117:../src/main.c ****     PROTOCOL_Protocol p;
 118:../src/main.c ****     PROTOCOL_parseProtocol(Data_buf, &p);
 25821              		.loc 1 118 0
 25822 0006 07F10403 		add	r3, r7, #4
 25823 000a 3448     		ldr	r0, .L26
 25824 000c 1946     		mov	r1, r3
 25825 000e FFF7FEFF 		bl	PROTOCOL_parseProtocol
 25826              	.LBB7:
 119:../src/main.c ****     for (int32_t i = 0; i < p.framesLen; i++) {
 25827              		.loc 1 119 0
 25828 0012 4FF00003 		mov	r3, #0
 25829 0016 FB62     		str	r3, [r7, #44]
 25830 0018 58E0     		b	.L18
 25831              	.L25:
 120:../src/main.c ****         switch (p.frames[i].cmd) {
 25832              		.loc 1 120 0
 25833 001a FB6A     		ldr	r3, [r7, #44]
 25834 001c 03F10103 		add	r3, r3, #1
 25835 0020 4FEAC303 		lsl	r3, r3, #3
 25836 0024 07F13002 		add	r2, r7, #48
 25837 0028 D318     		adds	r3, r2, r3
 25838 002a 13F82C3C 		ldrb	r3, [r3, #-44]	@ zero_extendqisi2
 25839 002e 03F1FF33 		add	r3, r3, #-1
 25840 0032 032B     		cmp	r3, #3
 25841 0034 46D8     		bhi	.L19
 25842 0036 01A2     		adr	r2, .L24
 25843 0038 52F823F0 		ldr	pc, [r2, r3, lsl #2]
 25844              		.align	2
 25845              	.L24:
 25846 003c 4D000000 		.word	.L20+1
 25847 0040 6B000000 		.word	.L21+1
 25848 0044 89000000 		.word	.L22+1
 25849 0048 A7000000 		.word	.L23+1
 25850              	.L20:
 121:../src/main.c ****         case PROTOCOL_MOTOR_1:
 122:../src/main.c ****             TIM_SetCompare1(TIM4, p.frames[i].iData);
 25851              		.loc 1 122 0
 25852 004c FB6A     		ldr	r3, [r7, #44]
 25853 004e 03F10103 		add	r3, r3, #1
 25854 0052 4FEAC303 		lsl	r3, r3, #3
 25855 0056 07F13002 		add	r2, r7, #48
 25856 005a D318     		adds	r3, r2, r3
 25857 005c 53F8283C 		ldr	r3, [r3, #-40]
 25858 0060 1F48     		ldr	r0, .L26+4
 25859 0062 1946     		mov	r1, r3
 25860 0064 FFF7FEFF 		bl	TIM_SetCompare1
 123:../src/main.c ****             break;
 25861              		.loc 1 123 0
 25862 0068 2CE0     		b	.L19
 25863              	.L21:
 124:../src/main.c ****         case PROTOCOL_MOTOR_2:
 125:../src/main.c ****             TIM_SetCompare2(TIM4, p.frames[i].iData);
 25864              		.loc 1 125 0
 25865 006a FB6A     		ldr	r3, [r7, #44]
 25866 006c 03F10103 		add	r3, r3, #1
 25867 0070 4FEAC303 		lsl	r3, r3, #3
 25868 0074 07F13002 		add	r2, r7, #48
 25869 0078 D318     		adds	r3, r2, r3
 25870 007a 53F8283C 		ldr	r3, [r3, #-40]
 25871 007e 1848     		ldr	r0, .L26+4
 25872 0080 1946     		mov	r1, r3
 25873 0082 FFF7FEFF 		bl	TIM_SetCompare2
 126:../src/main.c ****             break;
 25874              		.loc 1 126 0
 25875 0086 1DE0     		b	.L19
 25876              	.L22:
 127:../src/main.c ****         case PROTOCOL_MOTOR_3:
 128:../src/main.c ****             TIM_SetCompare3(TIM4, p.frames[i].iData);
 25877              		.loc 1 128 0
 25878 0088 FB6A     		ldr	r3, [r7, #44]
 25879 008a 03F10103 		add	r3, r3, #1
 25880 008e 4FEAC303 		lsl	r3, r3, #3
 25881 0092 07F13002 		add	r2, r7, #48
 25882 0096 D318     		adds	r3, r2, r3
 25883 0098 53F8283C 		ldr	r3, [r3, #-40]
 25884 009c 1048     		ldr	r0, .L26+4
 25885 009e 1946     		mov	r1, r3
 25886 00a0 FFF7FEFF 		bl	TIM_SetCompare3
 129:../src/main.c ****             break;
 25887              		.loc 1 129 0
 25888 00a4 0EE0     		b	.L19
 25889              	.L23:
 130:../src/main.c ****         case PROTOCOL_MOTOR_4:
 131:../src/main.c ****             TIM_SetCompare4(TIM4, p.frames[i].iData);
 25890              		.loc 1 131 0
 25891 00a6 FB6A     		ldr	r3, [r7, #44]
 25892 00a8 03F10103 		add	r3, r3, #1
 25893 00ac 4FEAC303 		lsl	r3, r3, #3
 25894 00b0 07F13002 		add	r2, r7, #48
 25895 00b4 D318     		adds	r3, r2, r3
 25896 00b6 53F8283C 		ldr	r3, [r3, #-40]
 25897 00ba 0948     		ldr	r0, .L26+4
 25898 00bc 1946     		mov	r1, r3
 25899 00be FFF7FEFF 		bl	TIM_SetCompare4
 132:../src/main.c ****             break;
 25900              		.loc 1 132 0
 25901 00c2 00BF     		nop
 25902              	.L19:
 119:../src/main.c ****     for (int32_t i = 0; i < p.framesLen; i++) {
 25903              		.loc 1 119 0
 25904 00c4 FB6A     		ldr	r3, [r7, #44]
 25905 00c6 03F10103 		add	r3, r3, #1
 25906 00ca FB62     		str	r3, [r7, #44]
 25907              	.L18:
 119:../src/main.c ****     for (int32_t i = 0; i < p.framesLen; i++) {
 25908              		.loc 1 119 0 is_stmt 0 discriminator 1
 25909 00cc FA6A     		ldr	r2, [r7, #44]
 25910 00ce 7B68     		ldr	r3, [r7, #4]
 25911 00d0 9A42     		cmp	r2, r3
 25912 00d2 A2D3     		bcc	.L25
 25913              	.LBE7:
 133:../src/main.c ****         }
 134:../src/main.c ****     }
 135:../src/main.c **** }
 25914              		.loc 1 135 0 is_stmt 1
 25915 00d4 07F13007 		add	r7, r7, #48
 25916 00d8 BD46     		mov	sp, r7
 25917 00da 80BD     		pop	{r7, pc}
 25918              	.L27:
 25919              		.align	2
 25920              	.L26:
 25921 00dc 00000000 		.word	Data_buf
 25922 00e0 00080040 		.word	1073743872
 25923              		.cfi_endproc
 25924              	.LFE113:
 25926              		.text
 25927              	.Letext0:
DEFINED SYMBOLS
                            *ABS*:00000000 main.c
                            *COM*:00000800 Data_buf
                            *COM*:00000001 Data_get
                            *COM*:00000001 USBD_USR_DEVICE_CONFIGURED
                            *COM*:000005f0 USB_OTG_dev
     /tmp/cca0wlEk.s:25531  .text.main:00000000 $t
     /tmp/cca0wlEk.s:25536  .text.main:00000000 main
     /tmp/cca0wlEk.s:25691  .text.sendData:00000000 sendData
     /tmp/cca0wlEk.s:25804  .text.getData:00000000 getData
     /tmp/cca0wlEk.s:25631  .text.Delay:00000000 Delay
     /tmp/cca0wlEk.s:25616  .text.main:00000078 $d
     /tmp/cca0wlEk.s:25627  .text.Delay:00000000 $t
     /tmp/cca0wlEk.s:25682  .text.Delay:0000002c $d
     /tmp/cca0wlEk.s:25687  .text.sendData:00000000 $t
     /tmp/cca0wlEk.s:25795  .text.sendData:000000b0 $d
     /tmp/cca0wlEk.s:25800  .text.getData:00000000 $t
     /tmp/cca0wlEk.s:25846  .text.getData:0000003c $d
     /tmp/cca0wlEk.s:25852  .text.getData:0000004c $t
     /tmp/cca0wlEk.s:25921  .text.getData:000000dc $d
                     .debug_frame:00000010 $d

UNDEFINED SYMBOLS
PERIPH_Init_SysTick
PERIPH_Init_Leds
PERIPH_Init_Timer
PERIPH_Init_PWM
PERIPH_Init_Spi
LIS302DL_Init
USBD_Init
TIM_SetCompare1
USR_cb
USR_desc
USBD_CDC_cb
SysTime
LIS302DL_getSatus
LIS302DL_ReadACCX
LIS302DL_ReadACCY
PROTOCOL_toByteArray
VCP_fops
PROTOCOL_parseProtocol
TIM_SetCompare2
TIM_SetCompare3
TIM_SetCompare4
